[2016.02.26-21.15.13:052][  0]Log file open, 02/26/16 16:15:13
[2016.02.26-21.15.13:052][  0]LogInit:Display: Running engine for game: projectcode
[2016.02.26-21.15.13:052][  0]LogInit:Display: RandInit(819611256) SRandInit(819611257).
[2016.02.26-21.15.13:052][  0]LogTaskGraph: Started task graph with 4 named threads and 7 total threads.
[2016.02.26-21.15.13:052][  0]LogStats: Stats thread started
[2016.02.26-21.15.13:052][  0]LogInit: Version: 4.8.3-2634408+++depot+UE4-Releases+4.8
[2016.02.26-21.15.13:052][  0]LogInit: API Version: 2579680
[2016.02.26-21.15.13:052][  0]LogInit: Compiled (64-bit): Jul 27 2015 16:24:33
[2016.02.26-21.15.13:052][  0]LogInit: Compiled with Visual C++: 18.00.21005.01
[2016.02.26-21.15.13:052][  0]LogInit: Build Configuration: Development
[2016.02.26-21.15.13:052][  0]LogInit: Branch Name: ++depot+UE4-Releases+4.8
[2016.02.26-21.15.13:052][  0]LogInit: Command line:  
[2016.02.26-21.15.13:052][  0]LogInit: Base directory: C:/Program Files/Epic Games/4.8/Engine/Binaries/Win64/
[2016.02.26-21.15.13:052][  0]LogInit: Rocket: 1
[2016.02.26-21.15.13:083][  0]LogInit: Using libcurl 7.41.0
[2016.02.26-21.15.13:083][  0]LogInit:  - built for x86_64-pc-win32
[2016.02.26-21.15.13:083][  0]LogInit:  - supports SSL with WinSSL
[2016.02.26-21.15.13:083][  0]LogInit:  - other features:
[2016.02.26-21.15.13:083][  0]LogInit:      CURL_VERSION_SSL
[2016.02.26-21.15.13:083][  0]LogInit:      CURL_VERSION_IPV6
[2016.02.26-21.15.13:083][  0]LogInit:      CURL_VERSION_ASYNCHDNS
[2016.02.26-21.15.13:083][  0]LogInit:      CURL_VERSION_LARGEFILE
[2016.02.26-21.15.13:083][  0]LogInit:      CURL_VERSION_IDN
[2016.02.26-21.15.13:084][  0]LogInit:  CurlRequestOptions (configurable via config and command line):
[2016.02.26-21.15.13:085][  0]LogInit:  - bVerifyPeer = true  - Libcurl will verify peer certificate
[2016.02.26-21.15.13:085][  0]LogInit:  - bUseHttpProxy = false  - Libcurl will NOT use HTTP proxy
[2016.02.26-21.15.13:085][  0]LogInit:  - bDontReuseConnections = false  - Libcurl will reuse connections
[2016.02.26-21.15.13:085][  0]LogInit:  - CertBundlePath = nullptr  - Libcurl will use whatever was configured at build time.
[2016.02.26-21.15.13:116][  0]LogOnline:Warning: No default platform service specified for OnlineSubsystem
[2016.02.26-21.15.13:282][  0]LogInit: Presizing for 0 objects not considered by GC, pre-allocating 0 bytes.
[2016.02.26-21.15.13:476][  0]LogInit: Object subsystem initialized
[2016.02.26-21.15.13:565][  0]LogConsoleResponse:Warning: Skipping Unknown console variable: 'TranslucentSortAxis = (X=0.000000,Y=-1.000000,Z=0.000000)'
[2016.02.26-21.15.13:565][  0]LogConsoleResponse:Warning:   Found in ini file 'C:/Users/quinonn/Documents/GitHub/Gamefiles/projectcode/Saved/Config/Windows/Engine.ini', in section '[/Script/Engine.RendererSettings]'
[2016.02.26-21.15.13:565][  0]LogConsoleResponse:Warning: Skipping Unknown console variable: 'UIScaleRule = ShortestSide'
[2016.02.26-21.15.13:565][  0]LogConsoleResponse:Warning:   Found in ini file 'C:/Users/quinonn/Documents/GitHub/Gamefiles/projectcode/Saved/Config/Windows/Engine.ini', in section '[/Script/Engine.RendererSettings]'
[2016.02.26-21.15.13:565][  0]LogConsoleResponse:Warning: Skipping Unknown console variable: 'UIScaleCurve = (EditorCurveData=(Keys=),ExternalCurve=None)'
[2016.02.26-21.15.13:565][  0]LogConsoleResponse:Warning:   Found in ini file 'C:/Users/quinonn/Documents/GitHub/Gamefiles/projectcode/Saved/Config/Windows/Engine.ini', in section '[/Script/Engine.RendererSettings]'
[2016.02.26-21.15.13:642][  0]LogInit: Selected Device Profile: [Windows]
[2016.02.26-21.15.13:642][  0]LogInit: Applying CVar settings loaded from the selected device profile: [Windows]
[2016.02.26-21.15.13:754][  0]LogInit: Computer: DDW-G238-MAC12
[2016.02.26-21.15.13:754][  0]LogInit: User: quinonn
[2016.02.26-21.15.13:754][  0]LogInit: CPU Page size=4096, Cores=4
[2016.02.26-21.15.13:754][  0]LogInit: High frequency timer resolution =2.630771 MHz
[2016.02.26-21.15.13:755][  0]LogMemory: Memory total: Physical=4.0GB (4GB approx)
[2016.02.26-21.15.13:755][  0]LogMemory: Platform Memory Stats for Windows
[2016.02.26-21.15.13:755][  0]LogMemory: Process Physical Memory: 49.91 MB used, 49.91 MB peak
[2016.02.26-21.15.13:755][  0]LogMemory: Process Virtual Memory: 23.74 MB used, 23.74 MB peak
[2016.02.26-21.15.13:755][  0]LogMemory: Physical Memory: 1882.39 MB used, 4071.74 MB total
[2016.02.26-21.15.13:755][  0]LogMemory: Virtual Memory: 281.45 MB used, 8388608.00 MB total
[2016.02.26-21.15.15:000][  0]LogTextLocalizationManager: The requested culture ('en_US') has no localization data; parent culture's ('en') localization data will be used.
[2016.02.26-21.15.15:408][  0]LogTextLocalizationManager:Warning: Loaded localization resources contain conflicting entries for (Namespace:ContentBrowser, Key:ImportAssetToolTip):
Localization Resource: (C:/Program Files/Epic Games/4.8/Engine/Content/Localization/Editor/en/Editor.locres) Source String Hash: (-630476809) Localized String: (Import to {0}...)
Localization Resource: (C:/Program Files/Epic Games/4.8/Engine/Content/Localization/Editor/en/Editor.locres) Source String Hash: (1271782899) Localized String: (Imports an asset from file to this folder.)
[2016.02.26-21.15.16:639][  0]LogD3D11RHI: Found D3D11 adapter 0: AMD Radeon HD 6700M Series (Feature Level 11_0)
[2016.02.26-21.15.16:639][  0]LogD3D11RHI: Adapter has 501MB of dedicated video memory, 0MB of dedicated system memory, and 1779MB of shared system memory, 1 output[s]
[2016.02.26-21.15.16:639][  0]LogD3D11RHI: Chosen D3D11 Adapter Id = 0
[2016.02.26-21.15.16:649][  0]LogD3D11RHI: InitD3DDevice
[2016.02.26-21.15.16:649][  0]LogD3D11RHI: !Direct3DDevice
[2016.02.26-21.15.16:649][  0]LogRHI: Texture pool is 351 MB (70% of 501 MB)
[2016.02.26-21.15.16:687][  0]LogD3D11RHI: Async texture creation disabled: no driver support
[2016.02.26-21.15.17:405][  0]LogShaderCompilers:Display: Using Local Shader Compiler.
[2016.02.26-21.15.25:556][  0]LogTemp:Display: Loaded TP DesktopTargetPlatform
[2016.02.26-21.15.25:600][  0]LogTemp:Display: Loaded TP WindowsClientTargetPlatform
[2016.02.26-21.15.25:629][  0]LogTemp:Display: Loaded TP WindowsNoEditorTargetPlatform
[2016.02.26-21.15.25:648][  0]LogTemp:Display: Loaded TP WindowsServerTargetPlatform
[2016.02.26-21.15.25:670][  0]LogTemp:Display: Loaded TP WindowsTargetPlatform
[2016.02.26-21.15.25:690][  0]LogTemp:Display: Loaded TP AndroidTargetPlatform
[2016.02.26-21.15.25:709][  0]LogTemp:Display: Loaded TP Android_ASTCTargetPlatform
[2016.02.26-21.15.25:727][  0]LogTemp:Display: Loaded TP Android_ATCTargetPlatform
[2016.02.26-21.15.25:744][  0]LogTemp:Display: Loaded TP Android_DXTTargetPlatform
[2016.02.26-21.15.25:762][  0]LogTemp:Display: Loaded TP Android_ETC1TargetPlatform
[2016.02.26-21.15.25:778][  0]LogTemp:Display: Loaded TP Android_ETC2TargetPlatform
[2016.02.26-21.15.25:795][  0]LogTemp:Display: Loaded TP Android_PVRTCTargetPlatform
[2016.02.26-21.15.25:985][  0]LogTemp:Display: Loaded TP IOSTargetPlatform
[2016.02.26-21.15.26:016][  0]LogTemp:Display: Loaded TP LinuxNoEditorTargetPlatform
[2016.02.26-21.15.26:061][  0]LogTemp:Display: Loaded TP LinuxServerTargetPlatform
[2016.02.26-21.15.26:109][  0]LogTemp:Display: Loaded TP LinuxTargetPlatform
[2016.02.26-21.15.26:109][  0]LogTargetPlatformManager:Display: Building Assets For Windows
[2016.02.26-21.15.27:094][  0]LogDerivedDataCache:Display: Max Cache Size: 512 MB
[2016.02.26-21.15.27:718][  0]LogDerivedDataCache: Loaded boot cache 0.61s 53MB C:/Users/quinonn/AppData/Local/UnrealEngine/4.8/DerivedDataCache/Boot.ddc.
[2016.02.26-21.15.27:718][  0]LogDerivedDataCache:Display: Loaded Boot cache: C:/Users/quinonn/AppData/Local/UnrealEngine/4.8/DerivedDataCache/Boot.ddc
[2016.02.26-21.15.27:719][  0]LogDerivedDataCache: FDerivedDataBackendGraph:  Pak pak cache file ../../../../../../Users/quinonn/Documents/GitHub/Gamefiles/projectcode/DerivedDataCache/DDC.ddp not found, will not use a pak cache.
[2016.02.26-21.15.27:719][  0]LogDerivedDataCache: Unable to find inner node Pak for hierarchical cache Hierarchy.
[2016.02.26-21.15.27:719][  0]LogDerivedDataCache: FDerivedDataBackendGraph:  CompressedPak pak cache file ../../../../../../Users/quinonn/Documents/GitHub/Gamefiles/projectcode/DerivedDataCache/Compressed.ddp not found, will not use a pak cache.
[2016.02.26-21.15.27:719][  0]LogDerivedDataCache: Unable to find inner node CompressedPak for hierarchical cache Hierarchy.
[2016.02.26-21.15.28:006][  0]LogDerivedDataCache:Display: Pak cache opened for reading ../../../Engine/DerivedDataCache/Compressed.ddp.
[2016.02.26-21.15.28:069][  0]LogDerivedDataCache: Using Local data cache path C:/Users/quinonn/AppData/Local/UnrealEngine/Common/DerivedDataCache: Writable
[2016.02.26-21.15.34:814][  0]LogInit: Selected Device Profile: [Windows]
[2016.02.26-21.15.35:038][  0]ImportText (ComponentSweepMultiTests): Missing closing parenthesis: (RootShapeAsset="/Engine/BasicShapes/Cube.Cube",ShapeType="TriggerCapsule",HitResult=(Time=0.50,Location=(X=-100.000015,Y=0.0,Z=100.000015),ImpactPoint=(X=-50.0,Y=0.0,Z=50.0),Normal=(X=-1.0,Y=-0.0,Z=0.0),ImpactNormal=(X=0.0,Y=0.0,Z=1.0),TraceStart=(X=-200.0,Y=0.0,Z=200.0),TraceEnd=(X=0.0,Y=0.0,Z=0.0))
[2016.02.26-21.15.35:039][  0]ImportText (LineTraceSingleByChannelTests): Missing closing parenthesis: (RootShapeAsset="/Engine/BasicShapes/Cube.Cube",HitResult=(Time=0.50,Location=(X=-100.000015,Y=0.0,Z=100.000015),ImpactPoint=(X=-50.0,Y=0.0,Z=50.0),Normal=(X=-1.0,Y=-0.0,Z=0.0),ImpactNormal=(X=0.0,Y=0.0,Z=1.0),TraceStart=(X=-200.0,Y=0.0,Z=200.0),TraceEnd=(X=0.0,Y=0.0,Z=0.0))
[2016.02.26-21.15.35:410][  0]LogMeshUtilities: No automatic mesh reduction module available
[2016.02.26-21.15.35:410][  0]LogMeshUtilities: No automatic mesh merging module available
[2016.02.26-21.15.40:451][  0]LogInit: WinSock: version 1.1 (2.2), MaxSocks=32767, MaxUdp=65467
[2016.02.26-21.16.05:153][  0]UdpMessaging: Initializing bridge on interface 0.0.0.0:0 to multicast group 230.0.0.1:6666.
[2016.02.26-21.16.07:570][  0]SourceControl: Info Source control is disabled
[2016.02.26-21.16.07:575][  0]SourceControl: Info Source control is disabled
[2016.02.26-21.16.07:629][  0]SourceControl: Info Source control is disabled
[2016.02.26-21.16.07:693][  0]SourceControl: Info Source control is disabled
[2016.02.26-21.16.08:979][  0]LogObj: 26273 objects as part of root set at end of initial load.
[2016.02.26-21.16.08:979][  0]LogUObjectAllocator: 5409248 out of 0 bytes used by permanent object pool.
[2016.02.26-21.16.09:715][  0]LogEngine: Initializing Engine...
[2016.02.26-21.16.09:731][  0]LogHMD: Can't find Oculus library dev build: is proper Runtime installed? Version: 0.6.0.0
[2016.02.26-21.16.09:821][  0]LogHMD:Warning: SteamVR failed to initialize.  Error: 110
[2016.02.26-21.16.11:017][  0]LogAIModule: Creating AISystem for world NewWorld
[2016.02.26-21.16.11:173][  0]LogInit: XAudio2 using 'Speakers (Cirrus Logic CS4206B (AB 32))' : 4 channels at 48 kHz using 32 bits per sample (channel mask 0x33)
[2016.02.26-21.16.11:255][  0]LogInit: FAudioDevice initialized.
[2016.02.26-21.16.11:293][  0]LogDerivedDataCache: Saved boot cache 0.04s 53MB C:/Users/quinonn/AppData/Local/UnrealEngine/4.8/DerivedDataCache/Boot.ddc.
[2016.02.26-21.16.11:300][  0]LogInit: Texture streaming: Disabled
[2016.02.26-21.16.11:370][  0]LogAnalytics: Creating configured Analytics provider AnalyticsET
[2016.02.26-21.16.11:371][  0]LogAnalytics: [UEEditor.Rocket.Release] APIServer = http://et2.epicgames.com/ET2/. AppVersion = 4.8.3-2634408+++depot+UE4-Releases+4.8
[2016.02.26-21.16.11:371][  0]LogAnalytics: [UEEditor.Rocket.Release] SetUserId 479c140b49949353dfd44181c39e5924|3557c17ee8f74e5b944a80d4b2743391|c51c7447-7047-4a8f-8115-e65efa9fd28a
[2016.02.26-21.16.11:383][  0]LogAnalytics: [UEEditor.Rocket.Release] AnalyticsET::StartSession
[2016.02.26-21.16.11:692][  0]LogInit: Transaction tracking system initialized
[2016.02.26-21.16.12:203][  0]BlueprintLog: New page: Editor Load
[2016.02.26-21.16.12:366][  0]LogAssetRegistry: FAssetRegistry took 0.0139 seconds to start up
[2016.02.26-21.16.12:416][  0]LogDirectoryWatcher:Warning: Failed to begin reading directory changes for ../../../Engine/Plugins/Experimental/CharacterAI/Content/. Error: 0
[2016.02.26-21.16.21:267][  0]LogConsoleManager:Warning: Console variable 'r.VSync' wasn't set ('GameSetting' has a lower priority than 'SystemSettingsIni')
[2016.02.26-21.16.21:269][  0]LogConsoleResponse:Display: 
[2016.02.26-21.16.31:729][  0]LogCook:Display: Done creating registry. It took  0.00s.
[2016.02.26-21.16.42:933][  0]SourceControl: Info Source control is disabled
[2016.02.26-21.16.43:410][  0]Cmd: MAP LOAD FILE="../../../../../../Users/quinonn/Documents/GitHub/Gamefiles/projectcode/Content/SideScrollerBP/Maps/SideScrollerExampleMap.umap" TEMPLATE=0 SHOWPROGRESS=1 FEATURELEVEL=3
[2016.02.26-21.16.43:539][  0]LightingResults: New page: Lighting Build
[2016.02.26-21.16.46:502][  0]MapCheck: New page: Map Check
[2016.02.26-21.16.46:502][  0]LightingResults: New page: Lighting Build
[2016.02.26-21.16.48:730][  0]LogParticles: Destroying 0 GPU particle simulations for FXSystem 0x0000000015B7EF20
[2016.02.26-21.17.12:218][  0]LogAIModule: Creating AISystem for world SideScrollerExampleMap
[2016.02.26-21.17.14:632][  0]LogEditorServer: Finished looking for orphan Actors (0.000 secs)
[2016.02.26-21.17.14:829][  0]Cmd: MAP CHECKDEP NOCLEARLOG
[2016.02.26-21.17.14:985][  0]MapCheck: Info Map check complete: 0 Error(s), 0 Warning(s), took 156.028ms to complete.
[2016.02.26-21.17.14:985][  0]LogFileHelpers: Loading map 'SideScrollerExampleMap' took 31.858
[2016.02.26-21.17.18:933][  0]LogCollectionManager: Loaded 0 collections in 0.004312 seconds
[2016.02.26-21.17.18:986][  0]LogContentBrowser: Native class hierarchy populated in 0.0530 seconds. Added 1792 classes and 301 folders.
[2016.02.26-21.17.19:917][  0]LogContentBrowser: Native class hierarchy updated for 'WidgetCarousel' in 0.0007 seconds. Added 0 classes and 0 folders.
[2016.02.26-21.17.23:135][  0]LogContentBrowser: Native class hierarchy updated for 'AddContentDialog' in 0.0007 seconds. Added 0 classes and 0 folders.
[2016.02.26-21.17.23:574][  0]LogContentBrowser: Native class hierarchy updated for 'SceneOutliner' in 0.0007 seconds. Added 1 classes and 2 folders.
[2016.02.26-21.17.26:699][  0]LogCrashTracker: Crashtracker disabled due to settings.
[2016.02.26-21.17.27:125][  0]LogD3D11RHI: InitD3DDevice
[2016.02.26-21.17.27:221][  0]LogUObjectGlobals:Warning: Failed to find object 'Class None.'
[2016.02.26-21.17.27:531][  0]LogLoad: Full Startup: 144.48 seconds (BP compile: 2.38 seconds)
[2016.02.26-21.17.30:140][  0]LogContentStreaming: Texture pool size is 0.000000MB
[2016.02.26-21.17.30:742][  0]LogContentStreaming: Texture pool size now 400 MB
[2016.02.26-21.17.33:297][  0]LogRenderer: Reallocating scene render targets to support 1616x808 (Frame:2).
[2016.02.26-21.17.35:649][  1]LogEditorViewport: Clicking on Actor (LMB): StaticMeshActor (Wall4)
[2016.02.26-21.17.39:226][  1]LogEditorViewport: Clicking on Actor (LMB): StaticMeshActor (Wall4)
[2016.02.26-21.17.42:407][  9]LogAssetRegistry: Asset discovery search completed in 90.1198 seconds
[2016.02.26-21.18.09:207][ 14]LogEditorViewport: Clicking on Actor (LMB): StaticMeshActor (Wall7)
[2016.02.26-21.18.12:853][156]LogD3D11RHI: InitD3DDevice
[2016.02.26-21.18.44:885][762]LogEditorViewport: Clicking on Actor (LMB): StaticMeshActor (Wall5)
[2016.02.26-21.18.55:673][223]LogEditorViewport: Clicking on Actor (LMB): StaticMeshActor (Cube10)
[2016.02.26-21.19.11:255][914]LogEditorViewport: Clicking on Actor (LMB): StaticMeshActor (Wall7)
[2016.02.26-21.19.26:907][736]LogEditorViewport: Clicking on Actor (LMB): StaticMeshActor (Wall4)
[2016.02.26-21.19.52:914][788]LogEditorViewport: Clicking on Actor (LMB): StaticMeshActor (Cube8)
[2016.02.26-21.19.59:150][191]LogEditorViewport: Clicking on Actor (LMB): StaticMeshActor (Cube)
[2016.02.26-21.20.05:308][488]LogEditorViewport: Clicking on Actor (LMB): StaticMeshActor (Cube4)
[2016.02.26-21.20.08:413][715]LogEditorViewport: Clicking on Actor (LMB): StaticMeshActor (Cube2)
[2016.02.26-21.20.13:747][940]LogEditorViewport: Clicking on Actor (LMB): StaticMeshActor (Cube6)
[2016.02.26-21.20.23:686][564]LogEditorViewport: Clicking on Actor (LMB): StaticMeshActor (Cube19)
[2016.02.26-21.20.28:929][888]LogEditorViewport: Clicking on Actor (LMB): StaticMeshActor (Cube11)
[2016.02.26-21.20.34:234][218]LogEditorViewport: Clicking on Actor (LMB): StaticMeshActor (Cube12)
[2016.02.26-21.20.39:433][499]MapCheck: New page: Map Check
[2016.02.26-21.20.39:764][499]LogD3D11RHI: InitD3DDevice
[2016.02.26-21.20.39:907][499]Cmd: MAP REBUILD ALLVISIBLE
[2016.02.26-21.20.39:928][499]LogEditorServer: Rebuildmap Clear paths rebuilt
[2016.02.26-21.20.44:511][499]LightingResults: New page: Lighting Build - Feb 26, 2016, 11:20:43 AM
[2016.02.26-21.21.47:748][499]LogStaticLightingSystem: Running Lightmass w/ ImmediateImport mode ENABLED
[2016.02.26-21.21.47:748][499]LogStaticLightingSystem: Running Lightmass w/ ImmediateProcess mode ENABLED
[2016.02.26-21.21.47:748][499]LogStaticLightingSystem: Running Lightmass w/ Sorting mode ENABLED
[2016.02.26-21.21.47:748][499]LogStaticLightingSystem: Running Lightmass w/ Mapping paddings ENABLED
[2016.02.26-21.21.47:748][499]LogStaticLightingSystem: Running Lightmass w/ Mapping debug paddings DISABLED
[2016.02.26-21.21.49:916][499]LogD3D11RHI: InitD3DDevice
[2016.02.26-21.21.50:033][499]LogEditorBuildUtils: Build time 0:01:10
[2016.02.26-21.21.50:156][499]LogD3D11RHI: InitD3DDevice
[2016.02.26-21.21.53:482][506]LogEditorViewport: Clicking on Actor (LMB): StaticMeshActor (Wall3)
[2016.02.26-21.21.53:876][521]LogEditorViewport: Clicking on Actor (context menu): StaticMeshActor (Wall3)
[2016.02.26-21.21.54:490][521]LogD3D11RHI: InitD3DDevice
[2016.02.26-21.21.55:664][606]LogD3D11RHI: InitD3DDevice
[2016.02.26-21.21.56:247][631]LogD3D11RHI: InitD3DDevice
[2016.02.26-21.21.57:699][738]LogEditorViewport: Clicking on Actor (LMB): BP_Sky_Sphere_C (SkySphereBlueprint)
[2016.02.26-21.22.00:614][850]Cmd: SELECT NONE
[2016.02.26-21.22.03:223][ 50]LogEditorViewport: Clicking on Actor (LMB): BP_Sky_Sphere_C (SkySphereBlueprint)
[2016.02.26-21.22.03:399][ 53]LogEditorViewport: Clicking on Component (LMB): StaticMeshComponent (Sky Sphere mesh)
[2016.02.26-21.22.08:212][244]Job is a success!
[2016.02.26-21.22.08:290][245]LogD3D11RHI: InitD3DDevice
[2016.02.26-21.22.08:337][245]LogD3D11RHI: InitD3DDevice
[2016.02.26-21.22.09:107][245]LogTexture:Display: Building textures: SkyOcclusion1_1 (AutoDXT)
[2016.02.26-21.22.09:327][245]LogTexture:Display: Building textures: LQ_Lightmap_0_12 (DXT1)
[2016.02.26-21.22.09:332][245]LogTexture:Display: Building textures: HQ_Lightmap0_12 (AutoDXT)
[2016.02.26-21.22.09:332][245]LogTexture:Display: Building textures: SkyOcclusion0_12 (AutoDXT)
[2016.02.26-21.22.09:335][245]LogTexture:Display: Building textures: LQ_Lightmap_0_11 (DXT1)
[2016.02.26-21.22.09:343][245]LogTexture:Display: Building textures: HQ_Lightmap0_11 (AutoDXT)
[2016.02.26-21.22.09:360][245]LogTexture:Display: Building textures: SkyOcclusion0_11 (AutoDXT)
[2016.02.26-21.22.09:372][245]LogTexture:Display: Building textures: LQ_Lightmap_1_10 (DXT1)
[2016.02.26-21.22.09:392][245]LogTexture:Display: Building textures: HQ_Lightmap1_10 (AutoDXT)
[2016.02.26-21.22.09:423][245]LogTexture:Display: Building textures: SkyOcclusion1_10 (AutoDXT)
[2016.02.26-21.22.09:444][245]LogTexture:Display: Building textures: LQ_Lightmap_1_9 (DXT1)
[2016.02.26-21.22.09:455][245]LogTexture:Display: Building textures: HQ_Lightmap1_9 (AutoDXT)
[2016.02.26-21.22.09:504][245]LogTexture:Display: Building textures: SkyOcclusion1_9 (AutoDXT)
[2016.02.26-21.22.09:529][245]LogTexture:Display: Building textures: LQ_Lightmap_0_8 (DXT1)
[2016.02.26-21.22.09:555][245]LogTexture:Display: Building textures: HQ_Lightmap0_8 (AutoDXT)
[2016.02.26-21.22.09:627][245]LogTexture:Display: Building textures: SkyOcclusion0_8 (AutoDXT)
[2016.02.26-21.22.09:664][245]LogTexture:Display: Building textures: LQ_Lightmap_0_7 (DXT1)
[2016.02.26-21.22.09:689][245]LogTexture:Display: Building textures: HQ_Lightmap0_7 (AutoDXT)
[2016.02.26-21.22.09:791][245]LogTexture:Display: Building textures: SkyOcclusion0_7 (AutoDXT)
[2016.02.26-21.22.09:836][245]LogTexture:Display: Building textures: LQ_Lightmap_0_6 (DXT1)
[2016.02.26-21.22.09:866][245]LogTexture:Display: Building textures: HQ_Lightmap0_6 (AutoDXT)
[2016.02.26-21.22.09:968][245]LogTexture:Display: Building textures: SkyOcclusion0_6 (AutoDXT)
[2016.02.26-21.22.10:011][245]LogTexture:Display: Building textures: LQ_Lightmap_0_5 (DXT1)
[2016.02.26-21.22.10:035][245]LogTexture:Display: Building textures: HQ_Lightmap0_5 (AutoDXT)
[2016.02.26-21.22.10:097][245]LogTexture:Display: Building textures: SkyOcclusion0_5 (AutoDXT)
[2016.02.26-21.22.10:135][245]LogTexture:Display: Building textures: LQ_Lightmap_0_4 (DXT1)
[2016.02.26-21.22.10:158][245]LogTexture:Display: Building textures: HQ_Lightmap0_4 (AutoDXT)
[2016.02.26-21.22.10:243][245]LogTexture:Display: Building textures: SkyOcclusion0_4 (AutoDXT)
[2016.02.26-21.22.10:282][245]LogTexture:Display: Building textures: LQ_Lightmap_1_3 (DXT1)
[2016.02.26-21.22.10:306][245]LogTexture:Display: Building textures: HQ_Lightmap1_3 (AutoDXT)
[2016.02.26-21.22.10:389][245]LogTexture:Display: Building textures: SkyOcclusion1_3 (AutoDXT)
[2016.02.26-21.22.10:431][245]LogTexture:Display: Building textures: LQ_Lightmap_1_2 (DXT1)
[2016.02.26-21.22.10:448][245]LogTexture:Display: Building textures: HQ_Lightmap1_2 (AutoDXT)
[2016.02.26-21.22.10:477][245]LogTexture:Display: Building textures: SkyOcclusion1_2 (AutoDXT)
[2016.02.26-21.22.10:498][245]LogTexture:Display: Building textures: LQ_Lightmap_1_1 (DXT1)
[2016.02.26-21.22.10:567][245]LogTexture:Display: Building textures: HQ_Lightmap1_1 (AutoDXT)
[2016.02.26-21.22.11:099][245]LogTexture:Display: Building textures: ShadowMapTexture2D_0 (BGRA8)
[2016.02.26-21.22.11:165][245]LogTexture:Display: Building textures: ShadowMapTexture2D_1 (BGRA8)
[2016.02.26-21.22.11:220][245]LogTexture:Display: Building textures: ShadowMapTexture2D_2 (BGRA8)
[2016.02.26-21.22.11:263][245]LogTexture:Display: Building textures: ShadowMapTexture2D_3 (BGRA8)
[2016.02.26-21.22.11:305][245]LogTexture:Display: Building textures: ShadowMapTexture2D_4 (BGRA8)
[2016.02.26-21.22.11:350][245]LogTexture:Display: Building textures: ShadowMapTexture2D_5 (BGRA8)
[2016.02.26-21.22.11:392][245]LogTexture:Display: Building textures: ShadowMapTexture2D_6 (BGRA8)
[2016.02.26-21.22.11:437][245]LogTexture:Display: Building textures: ShadowMapTexture2D_7 (BGRA8)
[2016.02.26-21.22.11:463][245]LogTexture:Display: Building textures: ShadowMapTexture2D_8 (BGRA8)
[2016.02.26-21.22.11:474][245]LogTexture:Display: Building textures: ShadowMapTexture2D_9 (BGRA8)
[2016.02.26-21.22.11:478][245]LogTexture:Display: Building textures: ShadowMapTexture2D_10 (BGRA8)
[2016.02.26-21.22.11:480][245]LogTexture:Display: Building textures: ShadowMapTexture2D_11 (BGRA8)
[2016.02.26-21.22.11:786][245]Lightmass on DDW-G238-MAC12: 16.3 sec total, 1.26 sec importing, 5 ms setup, 1.27 sec photons, 11.0 sec processing, 0 ms extra exporting [25/25 mappings]. Threads: 44.1 sec total, 22.7 sec processing.
[2016.02.26-21.22.11:858][245]LogStaticLightingSystem: Illumination: 1:28 min (2.72 sec encoding lightmaps)
[2016.02.26-21.22.11:858][245]LogStaticLightingSystem: Lightmap texture memory:  3.9 MB (3.9 MB streaming, 0.0 MB non-streaming), 24 textures
[2016.02.26-21.22.11:858][245]LogStaticLightingSystem: Shadowmap texture memory: 7.7 MB (7.7 MB streaming, 0.0 MB non-streaming), 12 textures
[2016.02.26-21.22.12:427][246]Cmd: MAP CHECK NOTIFYRESULTS
[2016.02.26-21.22.12:427][246]MapCheck: New page: SideScrollerExampleMap - Feb 26, 2016, 11:22:12 AM
[2016.02.26-21.22.12:739][246]MapCheck: Info Map check complete: 0 Error(s), 0 Warning(s), took 312.118ms to complete.
[2016.02.26-21.22.15:709][321]LogEditorViewport: Clicking on Actor (LMB): SideScrollerCharacter_C (SideScrollerCharacter)
[2016.02.26-21.22.20:855][685]LogEditorViewport: Clicking on Actor (LMB): TextRenderActor (TemplateLabel)
[2016.02.26-21.22.27:966][193]LogEditorViewport: Clicking on Actor (LMB): StaticMeshActor (Floor)
[2016.02.26-21.22.29:893][306]LogPlayLevel: PIE:  No blueprints needed recompiling
[2016.02.26-21.22.30:084][306]PIE: New page: PIE session: SideScrollerExampleMap (Feb 26, 2016, 11:22:30 AM)
[2016.02.26-21.22.30:142][306]LogPlayLevel: Creating play world package: /Game/SideScrollerBP/Maps/UEDPIE_0_SideScrollerExampleMap
[2016.02.26-21.22.30:360][306]LogPlayLevel: PIE: StaticDuplicateObject took: (0.218174s)
[2016.02.26-21.22.30:361][306]LogAIModule: Creating AISystem for world SideScrollerExampleMap
[2016.02.26-21.22.30:361][306]LogPlayLevel: PIE: World Init took: (0.001258s)
[2016.02.26-21.22.30:385][306]LogPlayLevel: PIE: Created PIE world by copying editor world from /Game/SideScrollerBP/Maps/SideScrollerExampleMap.SideScrollerExampleMap to /Game/SideScrollerBP/Maps/UEDPIE_0_SideScrollerExampleMap.SideScrollerExampleMap (0.243463s)
[2016.02.26-21.22.30:458][306]LogInit: XAudio2 using 'Speakers (Cirrus Logic CS4206B (AB 32))' : 4 channels at 48 kHz using 32 bits per sample (channel mask 0x33)
[2016.02.26-21.22.30:477][306]LogInit: FAudioDevice initialized.
[2016.02.26-21.22.30:805][306]LogWorld: Game class is 'SideScrollerGameMode_C'
[2016.02.26-21.22.30:967][306]LogWorld: Bringing World /Game/SideScrollerBP/Maps/UEDPIE_0_SideScrollerExampleMap.SideScrollerExampleMap up for play (max tick rate 0) at 2016.02.26-16.22.30
[2016.02.26-21.22.30:967][306]LogActor:Warning: GameSession /Game/SideScrollerBP/Maps/UEDPIE_0_SideScrollerExampleMap.SideScrollerExampleMap:PersistentLevel.GameSession_0 has natively added scene component(s), but none of them were set as the actor's RootComponent - picking one arbitrarily
[2016.02.26-21.22.30:987][306]LogActor:Warning: GameNetworkManager /Game/SideScrollerBP/Maps/UEDPIE_0_SideScrollerExampleMap.SideScrollerExampleMap:PersistentLevel.GameNetworkManager_0 has natively added scene component(s), but none of them were set as the actor's RootComponent - picking one arbitrarily
[2016.02.26-21.22.31:036][306]LogWorld: Bringing up level for play took: 0.079200
[2016.02.26-21.22.31:194][306]PIE: Info Play in editor start time for /Game/SideScrollerBP/Maps/UEDPIE_0_SideScrollerExampleMap 0.611
[2016.02.26-21.23.04:269][460]LogParticles: Destroying 0 GPU particle simulations for FXSystem 0x000000000EB01260
[2016.02.26-21.23.08:634][681]LogEditorViewport: Clicking on Actor (LMB): StaticMeshActor (Cube)
[2016.02.26-21.23.17:206][185]LogEditorViewport: Clicking on Actor (LMB): SideScrollerCharacter_C (SideScrollerCharacter)
[2016.02.26-21.23.45:891][447]LogEditorViewport: Clicking on Actor (LMB): BP_Sky_Sphere_C (SkySphereBlueprint)
[2016.02.26-21.23.53:159][713]MapCheck: New page: Map Check
[2016.02.26-21.23.53:164][713]LogD3D11RHI: InitD3DDevice
[2016.02.26-21.23.53:213][713]Cmd: MAP REBUILD ALLVISIBLE
[2016.02.26-21.23.53:214][713]LogEditorServer: Rebuildmap Clear paths rebuilt
[2016.02.26-21.23.53:283][713]LightingResults: New page: Lighting Build - Feb 26, 2016, 11:23:53 AM
[2016.02.26-21.23.57:799][713]LogStaticLightingSystem: Running Lightmass w/ ImmediateImport mode ENABLED
[2016.02.26-21.23.57:800][713]LogStaticLightingSystem: Running Lightmass w/ ImmediateProcess mode ENABLED
[2016.02.26-21.23.57:800][713]LogStaticLightingSystem: Running Lightmass w/ Sorting mode ENABLED
[2016.02.26-21.23.57:800][713]LogStaticLightingSystem: Running Lightmass w/ Mapping paddings ENABLED
[2016.02.26-21.23.57:800][713]LogStaticLightingSystem: Running Lightmass w/ Mapping debug paddings DISABLED
[2016.02.26-21.23.57:913][713]LogD3D11RHI: InitD3DDevice
[2016.02.26-21.23.57:934][713]LogEditorBuildUtils: Build time 0:00:04
[2016.02.26-21.23.58:016][713]LogD3D11RHI: InitD3DDevice
[2016.02.26-21.24.07:705][548]Job is a success!
[2016.02.26-21.24.07:727][549]LogD3D11RHI: InitD3DDevice
[2016.02.26-21.24.07:730][549]LogD3D11RHI: InitD3DDevice
[2016.02.26-21.24.08:137][549]LogTexture:Display: Building textures: SkyOcclusion0_1 (AutoDXT)
[2016.02.26-21.24.08:266][549]LogTexture:Display: Building textures: LQ_Lightmap_0_11 (DXT1)
[2016.02.26-21.24.08:271][549]LogTexture:Display: Building textures: HQ_Lightmap0_11 (AutoDXT)
[2016.02.26-21.24.08:271][549]LogTexture:Display: Building textures: SkyOcclusion0_11 (AutoDXT)
[2016.02.26-21.24.08:275][549]LogTexture:Display: Building textures: LQ_Lightmap_0_10 (DXT1)
[2016.02.26-21.24.08:296][549]LogTexture:Display: Building textures: HQ_Lightmap0_10 (AutoDXT)
[2016.02.26-21.24.08:369][549]LogTexture:Display: Building textures: SkyOcclusion0_10 (AutoDXT)
[2016.02.26-21.24.08:402][549]LogTexture:Display: Building textures: LQ_Lightmap_0_9 (DXT1)
[2016.02.26-21.24.08:408][549]LogTexture:Display: Building textures: HQ_Lightmap0_9 (AutoDXT)
[2016.02.26-21.24.08:443][549]LogTexture:Display: Building textures: SkyOcclusion0_9 (AutoDXT)
[2016.02.26-21.24.08:458][549]LogTexture:Display: Building textures: LQ_Lightmap_1_8 (DXT1)
[2016.02.26-21.24.08:480][549]LogTexture:Display: Building textures: HQ_Lightmap1_8 (AutoDXT)
[2016.02.26-21.24.08:551][549]LogTexture:Display: Building textures: SkyOcclusion1_8 (AutoDXT)
[2016.02.26-21.24.08:585][549]LogTexture:Display: Building textures: LQ_Lightmap_1_7 (DXT1)
[2016.02.26-21.24.08:613][549]LogTexture:Display: Building textures: HQ_Lightmap1_7 (AutoDXT)
[2016.02.26-21.24.08:700][549]LogTexture:Display: Building textures: SkyOcclusion1_7 (AutoDXT)
[2016.02.26-21.24.08:730][549]LogTexture:Display: Building textures: LQ_Lightmap_1_6 (DXT1)
[2016.02.26-21.24.08:766][549]LogTexture:Display: Building textures: HQ_Lightmap1_6 (AutoDXT)
[2016.02.26-21.24.08:855][549]LogTexture:Display: Building textures: SkyOcclusion1_6 (AutoDXT)
[2016.02.26-21.24.08:885][549]LogTexture:Display: Building textures: LQ_Lightmap_1_5 (DXT1)
[2016.02.26-21.24.08:908][549]LogTexture:Display: Building textures: HQ_Lightmap1_5 (AutoDXT)
[2016.02.26-21.24.08:974][549]LogTexture:Display: Building textures: SkyOcclusion1_5 (AutoDXT)
[2016.02.26-21.24.09:013][549]LogTexture:Display: Building textures: LQ_Lightmap_1_4 (DXT1)
[2016.02.26-21.24.09:043][549]LogTexture:Display: Building textures: HQ_Lightmap1_4 (AutoDXT)
[2016.02.26-21.24.09:114][549]LogTexture:Display: Building textures: SkyOcclusion1_4 (AutoDXT)
[2016.02.26-21.24.09:158][549]LogTexture:Display: Building textures: LQ_Lightmap_0_3 (DXT1)
[2016.02.26-21.24.09:195][549]LogTexture:Display: Building textures: HQ_Lightmap0_3 (AutoDXT)
[2016.02.26-21.24.09:257][549]LogTexture:Display: Building textures: SkyOcclusion0_3 (AutoDXT)
[2016.02.26-21.24.09:297][549]LogTexture:Display: Building textures: LQ_Lightmap_0_2 (DXT1)
[2016.02.26-21.24.09:320][549]LogTexture:Display: Building textures: HQ_Lightmap0_2 (AutoDXT)
[2016.02.26-21.24.09:362][549]LogTexture:Display: Building textures: SkyOcclusion0_2 (AutoDXT)
[2016.02.26-21.24.09:391][549]LogTexture:Display: Building textures: LQ_Lightmap_0_1 (DXT1)
[2016.02.26-21.24.09:458][549]LogTexture:Display: Building textures: HQ_Lightmap0_1 (AutoDXT)
[2016.02.26-21.24.09:968][549]LogTexture:Display: Building textures: ShadowMapTexture2D_12 (BGRA8)
[2016.02.26-21.24.10:062][549]LogTexture:Display: Building textures: ShadowMapTexture2D_13 (BGRA8)
[2016.02.26-21.24.10:104][549]LogTexture:Display: Building textures: ShadowMapTexture2D_14 (BGRA8)
[2016.02.26-21.24.10:147][549]LogTexture:Display: Building textures: ShadowMapTexture2D_15 (BGRA8)
[2016.02.26-21.24.10:189][549]LogTexture:Display: Building textures: ShadowMapTexture2D_16 (BGRA8)
[2016.02.26-21.24.10:231][549]LogTexture:Display: Building textures: ShadowMapTexture2D_17 (BGRA8)
[2016.02.26-21.24.10:274][549]LogTexture:Display: Building textures: ShadowMapTexture2D_18 (BGRA8)
[2016.02.26-21.24.10:318][549]LogTexture:Display: Building textures: ShadowMapTexture2D_19 (BGRA8)
[2016.02.26-21.24.10:333][549]LogTexture:Display: Building textures: ShadowMapTexture2D_20 (BGRA8)
[2016.02.26-21.24.10:373][549]LogTexture:Display: Building textures: ShadowMapTexture2D_21 (BGRA8)
[2016.02.26-21.24.10:380][549]LogTexture:Display: Building textures: ShadowMapTexture2D_22 (BGRA8)
[2016.02.26-21.24.10:400][549]Lightmass on DDW-G238-MAC12: 11.1 sec total, 161 ms importing, 1 ms setup, 910 ms photons, 10.0 sec processing, 0 ms extra exporting [25/25 mappings]. Threads: 39.9 sec total, 19.7 sec processing.
[2016.02.26-21.24.10:418][549]LogStaticLightingSystem: Illumination: 17.1 sec (2.54 sec encoding lightmaps)
[2016.02.26-21.24.10:418][549]LogStaticLightingSystem: Lightmap texture memory:  4.1 MB (4.1 MB streaming, 0.0 MB non-streaming), 22 textures
[2016.02.26-21.24.10:418][549]LogStaticLightingSystem: Shadowmap texture memory: 15.9 MB (15.9 MB streaming, 0.0 MB non-streaming), 23 textures
[2016.02.26-21.24.10:809][550]Cmd: MAP CHECK NOTIFYRESULTS
[2016.02.26-21.24.10:809][550]MapCheck: New page: SideScrollerExampleMap - Feb 26, 2016, 11:24:10 AM
[2016.02.26-21.24.10:874][550]MapCheck: Info Map check complete: 0 Error(s), 0 Warning(s), took 64.743ms to complete.
[2016.02.26-21.24.22:348][217]LogD3D11RHI: InitD3DDevice
[2016.02.26-21.24.23:427][217]LogSavePackage: Save=648.845154ms
[2016.02.26-21.24.23:427][217]LogSavePackage: Moving '../../../../../../Users/quinonn/Documents/GitHub/Gamefiles/projectcode/Saved/SideScrollerExampleMap5D7A7D71431EA2D1E5404FA61EA0F960.tmp' to '../../../../../../Users/quinonn/Documents/GitHub/Gamefiles/projectcode/Content/SideScrollerBP/Maps/SideScrollerExampleMap.umap'
[2016.02.26-21.29.06:482][786]LogD3D11RHI: Timed out while waiting for GPU to catch up. (500 ms)
[2016.02.26-21.29.06:816][787]LogD3D11RHI: Timed out while waiting for GPU to catch up. (500 ms)
[2016.02.26-21.29.07:316][788]LogD3D11RHI: Timed out while waiting for GPU to catch up. (500 ms)
[2016.02.26-21.29.07:816][789]LogD3D11RHI: Timed out while waiting for GPU to catch up. (500 ms)
[2016.02.26-21.29.26:596][846]LogD3D11RHI: Timed out while waiting for GPU to catch up. (500 ms)
[2016.02.26-21.29.26:929][847]LogD3D11RHI: Timed out while waiting for GPU to catch up. (500 ms)
[2016.02.26-21.29.27:429][848]LogD3D11RHI: Timed out while waiting for GPU to catch up. (500 ms)
[2016.02.26-21.29.27:929][849]LogD3D11RHI: Timed out while waiting for GPU to catch up. (500 ms)
[2016.02.26-21.29.28:429][850]LogD3D11RHI: Timed out while waiting for GPU to catch up. (500 ms)
[2016.02.26-21.29.28:929][851]LogD3D11RHI: Timed out while waiting for GPU to catch up. (500 ms)
[2016.02.26-21.29.29:429][852]LogD3D11RHI: Timed out while waiting for GPU to catch up. (500 ms)
[2016.02.26-21.29.29:930][853]LogD3D11RHI: Timed out while waiting for GPU to catch up. (500 ms)
[2016.02.26-21.29.55:405][930]LogD3D11RHI: Timed out while waiting for GPU to catch up. (500 ms)
[2016.02.26-21.29.55:739][931]LogD3D11RHI: Timed out while waiting for GPU to catch up. (500 ms)
[2016.02.26-21.29.56:238][932]LogD3D11RHI: Timed out while waiting for GPU to catch up. (500 ms)
[2016.02.26-21.29.56:738][933]LogD3D11RHI: Timed out while waiting for GPU to catch up. (500 ms)
[2016.02.26-21.30.36:741][ 54]LogD3D11RHI: Timed out while waiting for GPU to catch up. (500 ms)
[2016.02.26-21.30.37:075][ 55]LogD3D11RHI: Timed out while waiting for GPU to catch up. (500 ms)
[2016.02.26-21.30.37:575][ 56]LogD3D11RHI: Timed out while waiting for GPU to catch up. (500 ms)
[2016.02.26-21.30.38:075][ 57]LogD3D11RHI: Timed out while waiting for GPU to catch up. (500 ms)
[2016.02.26-21.30.38:575][ 58]LogD3D11RHI: Timed out while waiting for GPU to catch up. (500 ms)
[2016.02.26-21.30.44:914][ 78]LogD3D11RHI: Timed out while waiting for GPU to catch up. (500 ms)
[2016.02.26-21.30.47:580][ 86]LogD3D11RHI: Timed out while waiting for GPU to catch up. (500 ms)
[2016.02.26-21.30.47:913][ 87]LogD3D11RHI: Timed out while waiting for GPU to catch up. (500 ms)
[2016.02.26-21.30.48:413][ 88]LogD3D11RHI: Timed out while waiting for GPU to catch up. (500 ms)
[2016.02.26-21.30.48:913][ 89]LogD3D11RHI: Timed out while waiting for GPU to catch up. (500 ms)
[2016.02.26-21.30.49:414][ 90]LogD3D11RHI: Timed out while waiting for GPU to catch up. (500 ms)
[2016.02.26-21.30.49:914][ 91]LogD3D11RHI: Timed out while waiting for GPU to catch up. (500 ms)
[2016.02.26-21.30.53:252][102]LogD3D11RHI: Timed out while waiting for GPU to catch up. (500 ms)
[2016.02.26-21.30.53:585][103]LogD3D11RHI: Timed out while waiting for GPU to catch up. (500 ms)
[2016.02.26-21.30.54:085][104]LogD3D11RHI: Timed out while waiting for GPU to catch up. (500 ms)
[2016.02.26-21.30.54:585][105]LogD3D11RHI: Timed out while waiting for GPU to catch up. (500 ms)
[2016.02.26-21.30.57:257][114]LogD3D11RHI: Timed out while waiting for GPU to catch up. (500 ms)
[2016.02.26-21.30.57:590][115]LogD3D11RHI: Timed out while waiting for GPU to catch up. (500 ms)
[2016.02.26-21.31.19:923][182]LogD3D11RHI: Timed out while waiting for GPU to catch up. (500 ms)
[2016.02.26-21.31.20:256][183]LogD3D11RHI: Timed out while waiting for GPU to catch up. (500 ms)
[2016.02.26-21.31.20:756][184]LogD3D11RHI: Timed out while waiting for GPU to catch up. (500 ms)
[2016.02.26-21.31.21:256][185]LogD3D11RHI: Timed out while waiting for GPU to catch up. (500 ms)
[2016.02.26-21.31.21:756][186]LogD3D11RHI: Timed out while waiting for GPU to catch up. (500 ms)
[2016.02.26-21.31.22:256][187]LogD3D11RHI: Timed out while waiting for GPU to catch up. (500 ms)
[2016.02.26-21.31.22:757][188]LogD3D11RHI: Timed out while waiting for GPU to catch up. (500 ms)
[2016.02.26-21.31.23:257][189]LogD3D11RHI: Timed out while waiting for GPU to catch up. (500 ms)
[2016.02.26-21.31.23:757][190]LogD3D11RHI: Timed out while waiting for GPU to catch up. (500 ms)
[2016.02.26-21.31.24:257][191]LogD3D11RHI: Timed out while waiting for GPU to catch up. (500 ms)
[2016.02.26-21.31.24:757][192]LogD3D11RHI: Timed out while waiting for GPU to catch up. (500 ms)
[2016.02.26-21.31.25:257][193]LogD3D11RHI: Timed out while waiting for GPU to catch up. (500 ms)
[2016.02.26-21.31.25:757][194]LogD3D11RHI: Timed out while waiting for GPU to catch up. (500 ms)
[2016.02.26-21.31.26:257][195]LogD3D11RHI: Timed out while waiting for GPU to catch up. (500 ms)
[2016.02.26-21.31.33:735][218]LogD3D11RHI: Timed out while waiting for GPU to catch up. (500 ms)
[2016.02.26-21.31.34:069][219]LogD3D11RHI: Timed out while waiting for GPU to catch up. (500 ms)
[2016.02.26-21.31.34:569][220]LogD3D11RHI: Timed out while waiting for GPU to catch up. (500 ms)
[2016.02.26-21.31.35:069][221]LogD3D11RHI: Timed out while waiting for GPU to catch up. (500 ms)
[2016.02.26-21.31.35:569][222]LogD3D11RHI: Timed out while waiting for GPU to catch up. (500 ms)
[2016.02.26-21.31.36:069][223]LogD3D11RHI: Timed out while waiting for GPU to catch up. (500 ms)
[2016.02.26-21.31.36:569][224]LogD3D11RHI: Timed out while waiting for GPU to catch up. (500 ms)
[2016.02.26-21.31.37:070][225]LogD3D11RHI: Timed out while waiting for GPU to catch up. (500 ms)
[2016.02.26-21.31.37:570][226]LogD3D11RHI: Timed out while waiting for GPU to catch up. (500 ms)
[2016.02.26-21.31.38:070][227]LogD3D11RHI: Timed out while waiting for GPU to catch up. (500 ms)
[2016.02.26-21.31.42:743][242]LogD3D11RHI: Timed out while waiting for GPU to catch up. (500 ms)
[2016.02.26-21.31.43:076][243]LogD3D11RHI: Timed out while waiting for GPU to catch up. (500 ms)
[2016.02.26-21.31.43:576][244]LogD3D11RHI: Timed out while waiting for GPU to catch up. (500 ms)
[2016.02.26-21.31.44:076][245]LogD3D11RHI: Timed out while waiting for GPU to catch up. (500 ms)
[2016.02.26-21.31.44:576][246]LogD3D11RHI: Timed out while waiting for GPU to catch up. (500 ms)
[2016.02.26-21.31.45:076][247]LogD3D11RHI: Timed out while waiting for GPU to catch up. (500 ms)
[2016.02.26-21.31.45:576][248]LogD3D11RHI: Timed out while waiting for GPU to catch up. (500 ms)
[2016.02.26-21.32.55:360][458]LogD3D11RHI: Timed out while waiting for GPU to catch up. (500 ms)
[2016.02.26-21.32.55:693][459]LogD3D11RHI: Timed out while waiting for GPU to catch up. (500 ms)
[2016.02.26-21.32.56:193][460]LogD3D11RHI: Timed out while waiting for GPU to catch up. (500 ms)
[2016.02.26-21.32.56:693][461]LogD3D11RHI: Timed out while waiting for GPU to catch up. (500 ms)
[2016.02.26-21.32.57:193][462]LogD3D11RHI: Timed out while waiting for GPU to catch up. (500 ms)
[2016.02.26-21.32.57:693][463]LogD3D11RHI: Timed out while waiting for GPU to catch up. (500 ms)
[2016.02.26-21.32.58:193][464]LogD3D11RHI: Timed out while waiting for GPU to catch up. (500 ms)
[2016.02.26-21.32.58:694][465]LogD3D11RHI: Timed out while waiting for GPU to catch up. (500 ms)
[2016.02.26-21.32.59:194][466]LogD3D11RHI: Timed out while waiting for GPU to catch up. (500 ms)
[2016.02.26-21.32.59:694][467]LogD3D11RHI: Timed out while waiting for GPU to catch up. (500 ms)
[2016.02.26-21.33.00:194][468]LogD3D11RHI: Timed out while waiting for GPU to catch up. (500 ms)
[2016.02.26-21.37.21:751][254]LogD3D11RHI: Timed out while waiting for GPU to catch up. (0.5 s)
[2016.02.26-21.37.22:252][255]LogD3D11RHI: Timed out while waiting for GPU to catch up. (0.5 s)
[2016.02.26-21.37.39:589][271]Cmd: QUIT_EDITOR
[2016.02.26-21.37.40:918][271]LogExit: Preparing to exit.
[2016.02.26-21.37.43:911][271]LogExit: Editor shut down
[2016.02.26-21.37.43:911][271]LogExit: Transaction tracking system shut down
[2016.02.26-21.37.43:913][271]LogParticles: Destroying 0 GPU particle simulations for FXSystem 0x000000000F785B20
[2016.02.26-21.37.43:913][271]LogParticles: Destroying 0 GPU particle simulations for FXSystem 0x000000000C9E1DA0
[2016.02.26-21.37.43:913][271]LogParticles: Destroying 0 GPU particle simulations for FXSystem 0x00000000225A3380
[2016.02.26-21.37.43:914][271]LogParticles: Destroying 0 GPU particle simulations for FXSystem 0x00000000264289A0
[2016.02.26-21.37.43:914][271]LogParticles: Destroying 0 GPU particle simulations for FXSystem 0x000000002433D760
[2016.02.26-21.37.52:063][271]LogExit: Object subsystem successfully closed.
[2016.02.26-21.37.57:199][271]LogD3D11RHI: Shutdown
[2016.02.26-21.37.57:234][271]LogD3D11RHI: CleanupD3DDevice
[2016.02.26-21.37.59:865][271]LogD3D11RHI: ~FD3D11DynamicRHI
[2016.02.26-21.38.00:316][271]LogModuleManager: Shutting down and abandoning module CrashTracker (188)
[2016.02.26-21.38.00:316][271]LogModuleManager: Shutting down and abandoning module SceneOutliner (187)
[2016.02.26-21.38.00:316][271]LogModuleManager: Shutting down and abandoning module SuperSearch (186)
[2016.02.26-21.38.00:316][271]LogModuleManager: Shutting down and abandoning module WidgetCarousel (185)
[2016.02.26-21.38.00:347][271]LogModuleManager: Shutting down and abandoning module AddContentDialog (184)
[2016.02.26-21.38.00:386][271]LogModuleManager: Shutting down and abandoning module EditorWidgets (183)
[2016.02.26-21.38.00:386][271]LogModuleManager: Shutting down and abandoning module CollectionManager (182)
[2016.02.26-21.38.00:439][271]LogModuleManager: Shutting down and abandoning module StatsViewer (181)
[2016.02.26-21.38.00:469][271]LogModuleManager: Shutting down and abandoning module FoliageEdit (180)
[2016.02.26-21.38.00:485][271]LogModuleManager: Shutting down and abandoning module LandscapeEditor (179)
[2016.02.26-21.38.00:526][271]LogModuleManager: Shutting down and abandoning module ActorPickerMode (178)
[2016.02.26-21.38.00:526][271]LogModuleManager: Shutting down and abandoning module GeometryMode (177)
[2016.02.26-21.38.00:526][271]LogModuleManager: Shutting down and abandoning module TextureAlignMode (176)
[2016.02.26-21.38.00:526][271]LogModuleManager: Shutting down and abandoning module BspMode (175)
[2016.02.26-21.38.00:526][271]LogModuleManager: Shutting down and abandoning module PlacementMode (174)
[2016.02.26-21.38.00:551][271]LogModuleManager: Shutting down and abandoning module AutomationWorker (173)
[2016.02.26-21.38.00:551][271]LogModuleManager: Shutting down and abandoning module CharacterAI (172)
[2016.02.26-21.38.00:551][271]LogModuleManager: Shutting down and abandoning module SmartSnapping (171)
[2016.02.26-21.38.00:551][271]LogModuleManager: Shutting down and abandoning module ViewportSnapping (170)
[2016.02.26-21.38.00:570][271]LogModuleManager: Shutting down and abandoning module LogVisualizer (169)
[2016.02.26-21.38.00:623][271]LogModuleManager: Shutting down and abandoning module GameProjectGeneration (168)
[2016.02.26-21.38.00:673][271]LogModuleManager: Shutting down and abandoning module IntroTutorials (167)
[2016.02.26-21.38.00:725][271]LogModuleManager: Shutting down and abandoning module EditorLiveStreaming (166)
[2016.02.26-21.38.00:725][271]LogModuleManager: Shutting down and abandoning module IOSPlatformEditor (165)
[2016.02.26-21.38.00:754][271]LogModuleManager: Shutting down and abandoning module HTML5PlatformEditor (164)
[2016.02.26-21.38.00:754][271]LogModuleManager: Shutting down and abandoning module AndroidDeviceDetection (163)
[2016.02.26-21.38.01:668][271]LogModuleManager: Shutting down and abandoning module AndroidPlatformEditor (162)
[2016.02.26-21.38.01:668][271]LogModuleManager: Shutting down and abandoning module IOSRuntimeSettings (161)
[2016.02.26-21.38.01:668][271]LogModuleManager: Shutting down and abandoning module AndroidRuntimeSettings (160)
[2016.02.26-21.38.01:668][271]LogModuleManager: Shutting down and abandoning module MergeActors (159)
[2016.02.26-21.38.01:690][271]LogModuleManager: Shutting down and abandoning module SizeMap (158)
[2016.02.26-21.38.01:690][271]LogModuleManager: Shutting down and abandoning module TreeMap (157)
[2016.02.26-21.38.01:715][271]LogModuleManager: Shutting down and abandoning module ReferenceViewer (156)
[2016.02.26-21.38.01:715][271]LogModuleManager: Shutting down and abandoning module LocalizationDashboard (155)
[2016.02.26-21.38.01:722][271]LogModuleManager: Shutting down and abandoning module HardwareTargeting (154)
[2016.02.26-21.38.01:722][271]LogModuleManager: Shutting down and abandoning module DeviceProfileEditor (153)
[2016.02.26-21.38.01:729][271]LogModuleManager: Shutting down and abandoning module UndoHistory (152)
[2016.02.26-21.38.01:742][271]LogModuleManager: Shutting down and abandoning module GameplayTagsEditor (151)
[2016.02.26-21.38.01:750][271]LogModuleManager: Shutting down and abandoning module UserFeedback (150)
[2016.02.26-21.38.01:750][271]LogModuleManager: Shutting down and abandoning module XmlParser (149)
[2016.02.26-21.38.01:767][271]LogModuleManager: Shutting down and abandoning module Blutility (148)
[2016.02.26-21.38.01:767][271]LogModuleManager: Shutting down and abandoning module ProjectTargetPlatformEditor (147)
[2016.02.26-21.38.01:768][271]LogModuleManager: Shutting down and abandoning module ProjectSettingsViewer (146)
[2016.02.26-21.38.01:768][271]LogModuleManager: Shutting down and abandoning module InputBindingEditor (145)
[2016.02.26-21.38.01:788][271]LogModuleManager: Shutting down and abandoning module EditorSettingsViewer (144)
[2016.02.26-21.38.01:788][271]LogModuleManager: Shutting down and abandoning module SettingsEditor (143)
[2016.02.26-21.38.01:808][271]LogModuleManager: Shutting down and abandoning module ProjectLauncher (142)
[2016.02.26-21.38.01:838][271]LogModuleManager: Shutting down and abandoning module SessionFrontend (141)
[2016.02.26-21.38.01:854][271]LogModuleManager: Shutting down and abandoning module ProfilerClient (140)
[2016.02.26-21.38.01:887][271]LogModuleManager: Shutting down and abandoning module TargetDeviceServices (139)
[2016.02.26-21.38.01:887][271]LogModuleManager: Shutting down and abandoning module DeviceManager (138)
[2016.02.26-21.38.01:898][271]LogModuleManager: Shutting down and abandoning module AutomationController (137)
[2016.02.26-21.38.01:912][271]LogModuleManager: Shutting down and abandoning module AutomationWindow (136)
[2016.02.26-21.38.01:947][271]LogModuleManager: Shutting down and abandoning module Layers (135)
[2016.02.26-21.38.02:016][271]LogModuleManager: Shutting down and abandoning module ComponentVisualizers (134)
[2016.02.26-21.38.02:016][271]LogModuleManager: Shutting down and abandoning module DetailCustomizations (133)
[2016.02.26-21.38.02:016][271]LogModuleManager: Shutting down and abandoning module PackagesDialog (132)
[2016.02.26-21.38.02:039][271]LogModuleManager: Shutting down and abandoning module AssetRegistry (131)
[2016.02.26-21.38.02:285][271]LogModuleManager: Shutting down and abandoning module Persona (130)
[2016.02.26-21.38.02:453][271]LogModuleManager: Shutting down and abandoning module Kismet (129)
[2016.02.26-21.38.02:572][271]LogModuleManager: Shutting down and abandoning module GraphEditor (128)
[2016.02.26-21.38.02:763][271]LogModuleManager: Shutting down and abandoning module ClassViewer (127)
[2016.02.26-21.38.02:812][271]LogModuleManager: Shutting down and abandoning module Toolbox (126)
[2016.02.26-21.38.02:812][271]LogModuleManager: Shutting down and abandoning module ModuleUI (125)
[2016.02.26-21.38.02:849][271]LogModuleManager: Shutting down and abandoning module MovieSceneTools (124)
[2016.02.26-21.38.02:963][271]LogModuleManager: Shutting down and abandoning module OutputLog (123)
[2016.02.26-21.38.02:963][271]LogModuleManager: Shutting down and abandoning module GammaUI (122)
[2016.02.26-21.38.02:997][271]LogModuleManager: Shutting down and abandoning module Documentation (121)
[2016.02.26-21.38.02:997][271]LogModuleManager: Shutting down and abandoning module GameLiveStreaming (120)
[2016.02.26-21.38.03:033][271]LogModuleManager: Shutting down and abandoning module StreamingPauseRendering (119)
[2016.02.26-21.38.03:033][271]LogModuleManager: Shutting down and abandoning module AnalyticsET (118)
[2016.02.26-21.38.03:033][271]LogModuleManager: Shutting down and abandoning module Analytics (117)
[2016.02.26-21.38.03:033][271]LogModuleManager: Shutting down and abandoning module AITestSuite (116)
[2016.02.26-21.38.03:062][271]LogModuleManager: Shutting down and abandoning module GameplayDebugger (115)
[2016.02.26-21.38.03:062][271]LogModuleManager: Shutting down and abandoning module AIModule (114)
[2016.02.26-21.38.03:062][271]LogModuleManager: Shutting down and abandoning module ProfilerService (113)
[2016.02.26-21.38.03:235][271]LogModuleManager: Shutting down and abandoning module TaskGraph (112)
[2016.02.26-21.38.03:319][271]LogModuleManager: Shutting down and abandoning module SlateRemote (111)
[2016.02.26-21.38.03:319][271]LogModuleManager: Shutting down and abandoning module SteamVRController (110)
[2016.02.26-21.38.03:319][271]LogModuleManager: Shutting down and abandoning module SteamVR (109)
[2016.02.26-21.38.03:319][271]LogModuleManager: Shutting down and abandoning module ProceduralMeshComponent (108)
[2016.02.26-21.38.03:319][271]LogModuleManager: Shutting down and abandoning module OculusRift (107)
[2016.02.26-21.38.03:319][271]LogModuleManager: Shutting down and abandoning module LeapMotionController (106)
[2016.02.26-21.38.03:587][271]LogModuleManager: Shutting down and abandoning module CustomMeshComponent (105)
[2016.02.26-21.38.03:587][271]LogModuleManager: Shutting down and abandoning module CableComponent (104)
[2016.02.26-21.38.03:630][271]LogModuleManager: Shutting down and abandoning module MessagingDebugger (103)
[2016.02.26-21.38.03:702][271]LogModuleManager: Shutting down and abandoning module MediaPlayerEditor (102)
[2016.02.26-21.38.03:745][271]LogModuleManager: Shutting down and abandoning module SpeedTreeImporter (101)
[2016.02.26-21.38.03:745][271]LogModuleManager: Shutting down and abandoning module PluginBrowser (100)
[2016.02.26-21.38.03:762][271]LogModuleManager: Shutting down and abandoning module EpicSurvey (99)
[2016.02.26-21.38.03:781][271]LogModuleManager: Shutting down and abandoning module DesktopPlatform (98)
[2016.02.26-21.38.03:953][271]LogModuleManager: Shutting down and abandoning module VisualStudioSourceCodeAccess (97)
[2016.02.26-21.38.04:018][271]LogModuleManager: Shutting down and abandoning module UObjectPlugin (96)
[2016.02.26-21.38.04:018][271]LogModuleManager: Shutting down and abandoning module SubversionSourceControl (95)
[2016.02.26-21.38.04:032][271]LogModuleManager: Shutting down and abandoning module PerforceSourceControl (94)
[2016.02.26-21.38.04:083][271]LogModuleManager: Shutting down and abandoning module SourceControl (93)
[2016.02.26-21.38.04:128][271]LogModuleManager: Shutting down and abandoning module GitSourceControl (92)
[2016.02.26-21.38.04:155][271]LogModuleManager: Shutting down and abandoning module BlankPlugin (91)
[2016.02.26-21.38.04:155][271]LogModuleManager: Shutting down and abandoning module PaperTiledImporter (90)
[2016.02.26-21.38.04:155][271]LogModuleManager: Shutting down and abandoning module PaperSpriteSheetImporter (89)
[2016.02.26-21.38.04:155][271]LogModuleManager: Shutting down and abandoning module MeshPaint (88)
[2016.02.26-21.38.04:169][271]LogModuleManager: Shutting down and abandoning module SlateReflector (87)
[2016.02.26-21.38.04:342][271]LogModuleManager: Shutting down and abandoning module DirectoryWatcher (86)
[2016.02.26-21.38.04:343][271]LogModuleManager: Shutting down and abandoning module HotReload (85)
[2016.02.26-21.38.04:343][271]LogModuleManager: Shutting down and abandoning module MainFrame (84)
[2016.02.26-21.38.04:343][271]LogModuleManager: Shutting down and abandoning module LevelEditor (83)
[2016.02.26-21.38.04:387][271]LogModuleManager: Shutting down and abandoning module ContentBrowser (82)
[2016.02.26-21.38.04:388][271]LogModuleManager: Shutting down and abandoning module Paper2DEditor (81)
[2016.02.26-21.38.04:461][271]LogModuleManager: Shutting down and abandoning module UdpMessaging (80)
[2016.02.26-21.38.04:561][271]LogModuleManager: Shutting down and abandoning module Paper2D (79)
[2016.02.26-21.38.04:646][271]LogModuleManager: Shutting down and abandoning module WindowsMoviePlayer (78)
[2016.02.26-21.38.04:679][271]LogModuleManager: Shutting down and abandoning module Media (77)
[2016.02.26-21.38.04:679][271]LogModuleManager: Shutting down and abandoning module WmfMedia (76)
[2016.02.26-21.38.04:792][271]LogModuleManager: Shutting down and abandoning module OnlineBlueprintSupport (75)
[2016.02.26-21.38.04:792][271]LogModuleManager: Shutting down and abandoning module PropertyEditor (74)
[2016.02.26-21.38.04:792][271]LogModuleManager: Shutting down and abandoning module BehaviorTreeEditor (73)
[2016.02.26-21.38.04:837][271]LogModuleManager: Shutting down and abandoning module FunctionalTesting (72)
[2016.02.26-21.38.04:845][271]LogModuleManager: Shutting down and abandoning module CollisionAnalyzer (71)
[2016.02.26-21.38.04:869][271]LogModuleManager: Shutting down and abandoning module WorkspaceMenuStructure (70)
[2016.02.26-21.38.04:869][271]LogModuleManager: Shutting down and abandoning module MessageLog (69)
[2016.02.26-21.38.04:869][271]LogModuleManager: Shutting down and abandoning module Sequencer (68)
[2016.02.26-21.38.04:909][271]LogModuleManager: Shutting down and abandoning module AssetTools (67)
[2016.02.26-21.38.04:966][271]LogModuleManager: Shutting down and abandoning module UMGEditor (66)
[2016.02.26-21.38.04:990][271]LogModuleManager: Shutting down and abandoning module UMG (65)
[2016.02.26-21.38.05:004][271]LogModuleManager: Shutting down and abandoning module Slate (64)
[2016.02.26-21.38.05:004][271]LogModuleManager: Shutting down and abandoning module EditorStyle (63)
[2016.02.26-21.38.05:060][271]LogModuleManager: Shutting down and abandoning module SessionServices (62)
[2016.02.26-21.38.05:060][271]LogModuleManager: Shutting down and abandoning module SourceCodeAccess (61)
[2016.02.26-21.38.05:060][271]LogModuleManager: Shutting down and abandoning module HeadMountedDisplay (60)
[2016.02.26-21.38.05:060][271]LogModuleManager: Shutting down and abandoning module XAudio2 (59)
[2016.02.26-21.38.05:060][271]LogModuleManager: Shutting down and abandoning module Networking (57)
[2016.02.26-21.38.05:060][271]LogModuleManager: Shutting down and abandoning module Core (56)
[2016.02.26-21.38.05:060][271]LogModuleManager: Shutting down and abandoning module KismetCompiler (55)
[2016.02.26-21.38.05:081][271]LogModuleManager: Shutting down and abandoning module PhysXFormats (54)
[2016.02.26-21.38.05:081][271]LogModuleManager: Shutting down and abandoning module MeshUtilities (53)
[2016.02.26-21.38.05:129][271]LogModuleManager: Shutting down and abandoning module DerivedDataCache (52)
[2016.02.26-21.38.05:277][271]LogDerivedDataCache: Shutdown
[2016.02.26-21.38.05:277][271]LogModuleManager: Shutting down and abandoning module ShaderFormatOpenGL (51)
[2016.02.26-21.38.05:289][271]LogModuleManager: Shutting down and abandoning module ShaderFormatD3D (50)
[2016.02.26-21.38.05:303][271]LogModuleManager: Shutting down and abandoning module MetalShaderFormat (49)
[2016.02.26-21.38.05:320][271]LogModuleManager: Shutting down and abandoning module TextureFormatUncompressed (48)
[2016.02.26-21.38.05:320][271]LogModuleManager: Shutting down and abandoning module TextureFormatPVR (47)
[2016.02.26-21.38.05:328][271]LogModuleManager: Shutting down and abandoning module TextureFormatIntelISPCTexComp (46)
[2016.02.26-21.38.05:333][271]LogModuleManager: Shutting down and abandoning module TextureFormatDXT (45)
[2016.02.26-21.38.05:333][271]LogModuleManager: Shutting down and abandoning module ImageWrapper (44)
[2016.02.26-21.38.05:333][271]LogModuleManager: Shutting down and abandoning module TextureFormatASTC (43)
[2016.02.26-21.38.05:333][271]LogModuleManager: Shutting down and abandoning module TextureFormatAndroid (42)
[2016.02.26-21.38.05:333][271]LogModuleManager: Shutting down and abandoning module AudioFormatOpus (41)
[2016.02.26-21.38.05:340][271]LogModuleManager: Shutting down and abandoning module AudioFormatOgg (40)
[2016.02.26-21.38.05:352][271]LogModuleManager: Shutting down and abandoning module AudioFormatADPCM (39)
[2016.02.26-21.38.05:352][271]LogModuleManager: Shutting down and abandoning module LinuxTargetPlatform (38)
[2016.02.26-21.38.05:352][271]LogModuleManager: Shutting down and abandoning module LinuxServerTargetPlatform (37)
[2016.02.26-21.38.05:370][271]LogModuleManager: Shutting down and abandoning module LinuxNoEditorTargetPlatform (36)
[2016.02.26-21.38.05:379][271]LogModuleManager: Shutting down and abandoning module Messaging (35)
[2016.02.26-21.38.05:379][271]LogModuleManager: Shutting down and abandoning module IOSTargetPlatform (34)
[2016.02.26-21.38.05:379][271]LogModuleManager: Shutting down and abandoning module HTML5TargetPlatform (33)
[2016.02.26-21.38.05:379][271]LogModuleManager: Shutting down and abandoning module Android_PVRTCTargetPlatform (32)
[2016.02.26-21.38.05:379][271]LogModuleManager: Shutting down and abandoning module Android_ETC2TargetPlatform (31)
[2016.02.26-21.38.05:379][271]LogModuleManager: Shutting down and abandoning module Android_ETC1TargetPlatform (30)
[2016.02.26-21.38.05:379][271]LogModuleManager: Shutting down and abandoning module Android_DXTTargetPlatform (29)
[2016.02.26-21.38.05:379][271]LogModuleManager: Shutting down and abandoning module Android_ATCTargetPlatform (28)
[2016.02.26-21.38.05:379][271]LogModuleManager: Shutting down and abandoning module Android_ASTCTargetPlatform (27)
[2016.02.26-21.38.05:379][271]LogModuleManager: Shutting down and abandoning module AndroidTargetPlatform (26)
[2016.02.26-21.38.05:379][271]LogModuleManager: Shutting down and abandoning module WindowsTargetPlatform (25)
[2016.02.26-21.38.05:398][271]LogModuleManager: Shutting down and abandoning module WindowsServerTargetPlatform (24)
[2016.02.26-21.38.05:398][271]LogModuleManager: Shutting down and abandoning module WindowsNoEditorTargetPlatform (23)
[2016.02.26-21.38.05:398][271]LogModuleManager: Shutting down and abandoning module WindowsClientTargetPlatform (22)
[2016.02.26-21.38.05:398][271]LogModuleManager: Shutting down and abandoning module DesktopTargetPlatform (21)
[2016.02.26-21.38.05:398][271]LogModuleManager: Shutting down and abandoning module TargetPlatform (20)
[2016.02.26-21.38.05:409][271]LogModuleManager: Shutting down and abandoning module InputCore (19)
[2016.02.26-21.38.05:409][271]LogModuleManager: Shutting down and abandoning module Settings (18)
[2016.02.26-21.38.05:409][271]LogModuleManager: Shutting down and abandoning module OnlineSubsystem (16)
[2016.02.26-21.38.05:409][271]LogModuleManager: Shutting down and abandoning module HTTP (15)
[2016.02.26-21.38.05:424][271]LogModuleManager: Shutting down and abandoning module ExampleDeviceProfileSelector (14)
[2016.02.26-21.38.05:430][271]LogModuleManager: Shutting down and abandoning module TextureCompressor (13)
[2016.02.26-21.38.05:430][271]LogModuleManager: Shutting down and abandoning module ShaderCore (12)
[2016.02.26-21.38.05:430][271]LogModuleManager: Shutting down and abandoning module Landscape (11)
[2016.02.26-21.38.05:430][271]LogModuleManager: Shutting down and abandoning module SlateRHIRenderer (10)
[2016.02.26-21.38.05:451][271]LogModuleManager: Shutting down and abandoning module OpenGLDrv (9)
[2016.02.26-21.38.05:463][271]LogModuleManager: Shutting down and abandoning module D3D11RHI (8)
[2016.02.26-21.38.05:463][271]LogModuleManager: Shutting down and abandoning module Renderer (7)
[2016.02.26-21.38.05:463][271]LogModuleManager: Shutting down and abandoning module Engine (6)
[2016.02.26-21.38.05:463][271]LogModuleManager: Shutting down and abandoning module CoreUObject (5)
[2016.02.26-21.38.05:463][271]LogModuleManager: Shutting down and abandoning module NetworkFile (4)
[2016.02.26-21.38.05:486][271]LogModuleManager: Shutting down and abandoning module StreamingFile (3)
[2016.02.26-21.38.05:509][271]LogModuleManager: Shutting down and abandoning module SandboxFile (2)
[2016.02.26-21.38.05:525][271]LogModuleManager: Shutting down and abandoning module PakFile (1)
[2016.02.26-21.38.05:592][271]LogExit: Exiting.
[2016.02.26-21.38.05:968][271]Log file closed, 02/26/16 16:38:05
