[2016.03.21-18.33.01:476][  0]Log file open, 03/21/16 14:33:01
[2016.03.21-18.33.01:476][  0]LogInit:Display: Running engine for game: projectcode
[2016.03.21-18.33.01:476][  0]LogInit:Display: RandInit(-2131464032) SRandInit(-2131464031).
[2016.03.21-18.33.01:476][  0]LogTaskGraph: Started task graph with 4 named threads and 7 total threads.
[2016.03.21-18.33.01:476][  0]LogStats: Stats thread started
[2016.03.21-18.33.01:476][  0]LogInit: Version: 4.8.3-2634408+++depot+UE4-Releases+4.8
[2016.03.21-18.33.01:476][  0]LogInit: API Version: 2579680
[2016.03.21-18.33.01:476][  0]LogInit: Compiled (64-bit): Jul 27 2015 16:24:33
[2016.03.21-18.33.01:476][  0]LogInit: Compiled with Visual C++: 18.00.21005.01
[2016.03.21-18.33.01:476][  0]LogInit: Build Configuration: Development
[2016.03.21-18.33.01:476][  0]LogInit: Branch Name: ++depot+UE4-Releases+4.8
[2016.03.21-18.33.01:476][  0]LogInit: Command line:  
[2016.03.21-18.33.01:476][  0]LogInit: Base directory: C:/Program Files/Epic Games/4.8/Engine/Binaries/Win64/
[2016.03.21-18.33.01:476][  0]LogInit: Rocket: 1
[2016.03.21-18.33.01:523][  0]LogInit: Using libcurl 7.41.0
[2016.03.21-18.33.01:523][  0]LogInit:  - built for x86_64-pc-win32
[2016.03.21-18.33.01:523][  0]LogInit:  - supports SSL with WinSSL
[2016.03.21-18.33.01:523][  0]LogInit:  - other features:
[2016.03.21-18.33.01:523][  0]LogInit:      CURL_VERSION_SSL
[2016.03.21-18.33.01:523][  0]LogInit:      CURL_VERSION_IPV6
[2016.03.21-18.33.01:523][  0]LogInit:      CURL_VERSION_ASYNCHDNS
[2016.03.21-18.33.01:523][  0]LogInit:      CURL_VERSION_LARGEFILE
[2016.03.21-18.33.01:523][  0]LogInit:      CURL_VERSION_IDN
[2016.03.21-18.33.01:523][  0]LogInit:  CurlRequestOptions (configurable via config and command line):
[2016.03.21-18.33.01:523][  0]LogInit:  - bVerifyPeer = true  - Libcurl will verify peer certificate
[2016.03.21-18.33.01:523][  0]LogInit:  - bUseHttpProxy = false  - Libcurl will NOT use HTTP proxy
[2016.03.21-18.33.01:523][  0]LogInit:  - bDontReuseConnections = false  - Libcurl will reuse connections
[2016.03.21-18.33.01:523][  0]LogInit:  - CertBundlePath = nullptr  - Libcurl will use whatever was configured at build time.
[2016.03.21-18.33.01:539][  0]LogOnline:Warning: No default platform service specified for OnlineSubsystem
[2016.03.21-18.33.01:664][  0]LogInit: Presizing for 0 objects not considered by GC, pre-allocating 0 bytes.
[2016.03.21-18.33.01:788][  0]LogInit: Object subsystem initialized
[2016.03.21-18.33.01:898][  0]LogConsoleResponse:Warning: Skipping Unknown console variable: 'TranslucentSortAxis = (X=0.000000,Y=-1.000000,Z=0.000000)'
[2016.03.21-18.33.01:898][  0]LogConsoleResponse:Warning:   Found in ini file 'C:/Users/quinonn/Documents/GitHub/Gamefiles/projectcode/Saved/Config/Windows/Engine.ini', in section '[/Script/Engine.RendererSettings]'
[2016.03.21-18.33.01:898][  0]LogConsoleResponse:Warning: Skipping Unknown console variable: 'UIScaleRule = ShortestSide'
[2016.03.21-18.33.01:898][  0]LogConsoleResponse:Warning:   Found in ini file 'C:/Users/quinonn/Documents/GitHub/Gamefiles/projectcode/Saved/Config/Windows/Engine.ini', in section '[/Script/Engine.RendererSettings]'
[2016.03.21-18.33.01:898][  0]LogConsoleResponse:Warning: Skipping Unknown console variable: 'UIScaleCurve = (EditorCurveData=(Keys=),ExternalCurve=None)'
[2016.03.21-18.33.01:898][  0]LogConsoleResponse:Warning:   Found in ini file 'C:/Users/quinonn/Documents/GitHub/Gamefiles/projectcode/Saved/Config/Windows/Engine.ini', in section '[/Script/Engine.RendererSettings]'
[2016.03.21-18.33.01:976][  0]LogInit: Selected Device Profile: [Windows]
[2016.03.21-18.33.01:976][  0]LogInit: Applying CVar settings loaded from the selected device profile: [Windows]
[2016.03.21-18.33.02:147][  0]LogInit: Computer: DDW-G238-MAC12
[2016.03.21-18.33.02:147][  0]LogInit: User: quinonn
[2016.03.21-18.33.02:147][  0]LogInit: CPU Page size=4096, Cores=4
[2016.03.21-18.33.02:147][  0]LogInit: High frequency timer resolution =2.630800 MHz
[2016.03.21-18.33.02:147][  0]LogMemory: Memory total: Physical=4.0GB (4GB approx)
[2016.03.21-18.33.02:147][  0]LogMemory: Platform Memory Stats for Windows
[2016.03.21-18.33.02:147][  0]LogMemory: Process Physical Memory: 49.64 MB used, 49.64 MB peak
[2016.03.21-18.33.02:147][  0]LogMemory: Process Virtual Memory: 23.76 MB used, 23.76 MB peak
[2016.03.21-18.33.02:147][  0]LogMemory: Physical Memory: 1679.88 MB used, 4071.74 MB total
[2016.03.21-18.33.02:147][  0]LogMemory: Virtual Memory: 281.46 MB used, 8388608.00 MB total
[2016.03.21-18.33.03:579][  0]LogTextLocalizationManager: The requested culture ('en_US') has no localization data; parent culture's ('en') localization data will be used.
[2016.03.21-18.33.04:327][  0]LogTextLocalizationManager:Warning: Loaded localization resources contain conflicting entries for (Namespace:ContentBrowser, Key:ImportAssetToolTip):
Localization Resource: (C:/Program Files/Epic Games/4.8/Engine/Content/Localization/Editor/en/Editor.locres) Source String Hash: (-630476809) Localized String: (Import to {0}...)
Localization Resource: (C:/Program Files/Epic Games/4.8/Engine/Content/Localization/Editor/en/Editor.locres) Source String Hash: (1271782899) Localized String: (Imports an asset from file to this folder.)
[2016.03.21-18.33.05:534][  0]LogD3D11RHI: Found D3D11 adapter 0: AMD Radeon HD 6700M Series (Feature Level 11_0)
[2016.03.21-18.33.05:534][  0]LogD3D11RHI: Adapter has 501MB of dedicated video memory, 0MB of dedicated system memory, and 1779MB of shared system memory, 1 output[s]
[2016.03.21-18.33.05:534][  0]LogD3D11RHI: Chosen D3D11 Adapter Id = 0
[2016.03.21-18.33.05:552][  0]LogD3D11RHI: InitD3DDevice
[2016.03.21-18.33.05:553][  0]LogD3D11RHI: !Direct3DDevice
[2016.03.21-18.33.05:554][  0]LogRHI: Texture pool is 351 MB (70% of 501 MB)
[2016.03.21-18.33.05:570][  0]LogD3D11RHI: Async texture creation disabled: no driver support
[2016.03.21-18.33.06:638][  0]LogShaderCompilers:Display: Using Local Shader Compiler.
[2016.03.21-18.33.13:747][  0]LogTemp:Display: Loaded TP DesktopTargetPlatform
[2016.03.21-18.33.13:781][  0]LogTemp:Display: Loaded TP WindowsClientTargetPlatform
[2016.03.21-18.33.13:807][  0]LogTemp:Display: Loaded TP WindowsNoEditorTargetPlatform
[2016.03.21-18.33.13:827][  0]LogTemp:Display: Loaded TP WindowsServerTargetPlatform
[2016.03.21-18.33.13:849][  0]LogTemp:Display: Loaded TP WindowsTargetPlatform
[2016.03.21-18.33.13:897][  0]LogTemp:Display: Loaded TP AndroidTargetPlatform
[2016.03.21-18.33.13:915][  0]LogTemp:Display: Loaded TP Android_ASTCTargetPlatform
[2016.03.21-18.33.13:933][  0]LogTemp:Display: Loaded TP Android_ATCTargetPlatform
[2016.03.21-18.33.13:951][  0]LogTemp:Display: Loaded TP Android_DXTTargetPlatform
[2016.03.21-18.33.13:968][  0]LogTemp:Display: Loaded TP Android_ETC1TargetPlatform
[2016.03.21-18.33.13:985][  0]LogTemp:Display: Loaded TP Android_ETC2TargetPlatform
[2016.03.21-18.33.14:003][  0]LogTemp:Display: Loaded TP Android_PVRTCTargetPlatform
[2016.03.21-18.33.14:096][  0]LogTemp:Display: Loaded TP IOSTargetPlatform
[2016.03.21-18.33.14:112][  0]LogTemp:Display: Loaded TP LinuxNoEditorTargetPlatform
[2016.03.21-18.33.14:127][  0]LogTemp:Display: Loaded TP LinuxServerTargetPlatform
[2016.03.21-18.33.14:166][  0]LogTemp:Display: Loaded TP LinuxTargetPlatform
[2016.03.21-18.33.14:166][  0]LogTargetPlatformManager:Display: Building Assets For Windows
[2016.03.21-18.33.14:928][  0]LogDerivedDataCache:Display: Max Cache Size: 512 MB
[2016.03.21-18.33.15:527][  0]LogDerivedDataCache: Loaded boot cache 0.58s 53MB C:/Users/quinonn/AppData/Local/UnrealEngine/4.8/DerivedDataCache/Boot.ddc.
[2016.03.21-18.33.15:527][  0]LogDerivedDataCache:Display: Loaded Boot cache: C:/Users/quinonn/AppData/Local/UnrealEngine/4.8/DerivedDataCache/Boot.ddc
[2016.03.21-18.33.15:527][  0]LogDerivedDataCache: FDerivedDataBackendGraph:  Pak pak cache file ../../../../../../Users/quinonn/Documents/GitHub/Gamefiles/projectcode/DerivedDataCache/DDC.ddp not found, will not use a pak cache.
[2016.03.21-18.33.15:527][  0]LogDerivedDataCache: Unable to find inner node Pak for hierarchical cache Hierarchy.
[2016.03.21-18.33.15:528][  0]LogDerivedDataCache: FDerivedDataBackendGraph:  CompressedPak pak cache file ../../../../../../Users/quinonn/Documents/GitHub/Gamefiles/projectcode/DerivedDataCache/Compressed.ddp not found, will not use a pak cache.
[2016.03.21-18.33.15:528][  0]LogDerivedDataCache: Unable to find inner node CompressedPak for hierarchical cache Hierarchy.
[2016.03.21-18.33.15:796][  0]LogDerivedDataCache:Display: Pak cache opened for reading ../../../Engine/DerivedDataCache/Compressed.ddp.
[2016.03.21-18.33.15:839][  0]LogDerivedDataCache: Using Local data cache path C:/Users/quinonn/AppData/Local/UnrealEngine/Common/DerivedDataCache: Writable
[2016.03.21-18.33.22:605][  0]LogInit: Selected Device Profile: [Windows]
[2016.03.21-18.33.22:754][  0]ImportText (ComponentSweepMultiTests): Missing closing parenthesis: (RootShapeAsset="/Engine/BasicShapes/Cube.Cube",ShapeType="TriggerCapsule",HitResult=(Time=0.50,Location=(X=-100.000015,Y=0.0,Z=100.000015),ImpactPoint=(X=-50.0,Y=0.0,Z=50.0),Normal=(X=-1.0,Y=-0.0,Z=0.0),ImpactNormal=(X=0.0,Y=0.0,Z=1.0),TraceStart=(X=-200.0,Y=0.0,Z=200.0),TraceEnd=(X=0.0,Y=0.0,Z=0.0))
[2016.03.21-18.33.22:755][  0]ImportText (LineTraceSingleByChannelTests): Missing closing parenthesis: (RootShapeAsset="/Engine/BasicShapes/Cube.Cube",HitResult=(Time=0.50,Location=(X=-100.000015,Y=0.0,Z=100.000015),ImpactPoint=(X=-50.0,Y=0.0,Z=50.0),Normal=(X=-1.0,Y=-0.0,Z=0.0),ImpactNormal=(X=0.0,Y=0.0,Z=1.0),TraceStart=(X=-200.0,Y=0.0,Z=200.0),TraceEnd=(X=0.0,Y=0.0,Z=0.0))
[2016.03.21-18.33.23:119][  0]LogMeshUtilities: No automatic mesh reduction module available
[2016.03.21-18.33.23:119][  0]LogMeshUtilities: No automatic mesh merging module available
[2016.03.21-18.33.27:265][  0]LogInit: WinSock: version 1.1 (2.2), MaxSocks=32767, MaxUdp=65467
[2016.03.21-18.33.50:810][  0]UdpMessaging: Initializing bridge on interface 0.0.0.0:0 to multicast group 230.0.0.1:6666.
[2016.03.21-18.33.52:941][  0]LogConfig:Warning: Failed to saved backup for config[SourceControlSettings]
[2016.03.21-18.33.52:942][  0]SourceControl: Info Source control is disabled
[2016.03.21-18.33.52:959][  0]SourceControl: Info Source control is disabled
[2016.03.21-18.33.53:013][  0]SourceControl: Info Source control is disabled
[2016.03.21-18.33.53:076][  0]SourceControl: Info Source control is disabled
[2016.03.21-18.33.54:444][  0]LogObj: 26273 objects as part of root set at end of initial load.
[2016.03.21-18.33.54:444][  0]LogUObjectAllocator: 5409248 out of 0 bytes used by permanent object pool.
[2016.03.21-18.33.55:067][  0]LogEngine: Initializing Engine...
[2016.03.21-18.33.55:091][  0]LogHMD: Can't find Oculus library dev build: is proper Runtime installed? Version: 0.6.0.0
[2016.03.21-18.33.55:232][  0]LogHMD:Warning: SteamVR failed to initialize.  Error: 110
[2016.03.21-18.33.56:293][  0]LogAIModule: Creating AISystem for world NewWorld
[2016.03.21-18.33.56:479][  0]LogInit: XAudio2 using 'Speakers (Cirrus Logic CS4206B (AB 32))' : 4 channels at 48 kHz using 32 bits per sample (channel mask 0x33)
[2016.03.21-18.33.56:676][  0]LogInit: FAudioDevice initialized.
[2016.03.21-18.33.56:722][  0]LogDerivedDataCache: Saved boot cache 0.05s 53MB C:/Users/quinonn/AppData/Local/UnrealEngine/4.8/DerivedDataCache/Boot.ddc.
[2016.03.21-18.33.56:729][  0]LogInit: Texture streaming: Disabled
[2016.03.21-18.33.56:779][  0]LogAnalytics: Creating configured Analytics provider AnalyticsET
[2016.03.21-18.33.56:780][  0]LogAnalytics: [UEEditor.Rocket.Release] APIServer = http://et2.epicgames.com/ET2/. AppVersion = 4.8.3-2634408+++depot+UE4-Releases+4.8
[2016.03.21-18.33.56:780][  0]LogAnalytics: [UEEditor.Rocket.Release] SetUserId 479c140b49949353dfd44181c39e5924|3557c17ee8f74e5b944a80d4b2743391|c51c7447-7047-4a8f-8115-e65efa9fd28a
[2016.03.21-18.33.56:785][  0]LogAnalytics: [UEEditor.Rocket.Release] AnalyticsET::StartSession
[2016.03.21-18.33.57:168][  0]LogInit: Transaction tracking system initialized
[2016.03.21-18.33.58:065][  0]BlueprintLog: New page: Editor Load
[2016.03.21-18.33.58:328][  0]LogAssetRegistry: FAssetRegistry took 0.0534 seconds to start up
[2016.03.21-18.33.58:416][  0]LogDirectoryWatcher:Warning: Failed to begin reading directory changes for ../../../Engine/Plugins/Experimental/CharacterAI/Content/. Error: 0
[2016.03.21-18.34.11:023][  0]LogConsoleManager:Warning: Console variable 'r.VSync' wasn't set ('GameSetting' has a lower priority than 'SystemSettingsIni')
[2016.03.21-18.34.11:024][  0]LogConsoleResponse:Display: 
[2016.03.21-18.34.14:310][  0]LogCook:Display: Done creating registry. It took  0.00s.
[2016.03.21-18.34.16:963][  0]SourceControl: Info Source control is disabled
[2016.03.21-18.34.17:074][  0]Cmd: MAP LOAD FILE="../../../../../../Users/quinonn/Documents/GitHub/Gamefiles/projectcode/Content/SideScrollerBP/Maps/SideScrollerExampleMap.umap" TEMPLATE=0 SHOWPROGRESS=1 FEATURELEVEL=3
[2016.03.21-18.34.17:092][  0]LightingResults: New page: Lighting Build
[2016.03.21-18.34.17:777][  0]MapCheck: New page: Map Check
[2016.03.21-18.34.17:777][  0]LightingResults: New page: Lighting Build
[2016.03.21-18.34.18:188][  0]LogParticles: Destroying 0 GPU particle simulations for FXSystem 0x000000001BD72F20
[2016.03.21-18.34.27:561][  0]LogTexture:Display: Building textures: HQ_Lightmap1_1 (AutoDXT)
[2016.03.21-18.34.30:054][  0]LogTexture:Display: Building textures: HQ_Lightmap1_22 (AutoDXT)
[2016.03.21-18.34.31:619][  0]LogTexture:Display: Building textures: LQ_Lightmap_0_12 (DXT1)
[2016.03.21-18.34.31:692][  0]LogTexture:Display: Building textures: LQ_Lightmap_0_4 (DXT1)
[2016.03.21-18.34.32:117][  0]LogTexture:Display: Building textures: LQ_Lightmap_0_6 (DXT1)
[2016.03.21-18.34.32:853][  0]LogTexture:Display: Building textures: LQ_Lightmap_1_14 (DXT1)
[2016.03.21-18.34.33:031][  0]LogTexture:Display: Building textures: LQ_Lightmap_1_17 (DXT1)
[2016.03.21-18.34.34:391][  0]LogTexture:Display: Building textures: LQ_Lightmap_1_25 (DXT1)
[2016.03.21-18.34.35:591][  0]LogTexture:Display: Building textures: SkyOcclusion0_4 (AutoDXT)
[2016.03.21-18.34.37:168][  0]LogTexture:Display: Building textures: SkyOcclusion1_18 (AutoDXT)
[2016.03.21-18.34.37:855][  0]LogTexture:Display: Building textures: SkyOcclusion1_21 (AutoDXT)
[2016.03.21-18.34.39:373][  0]LogTexture:Warning: GetMipData failed for /Game/SideScrollerBP/Maps/SideScrollerExampleMap.ShadowMapTexture2D_104 (B8G8R8A8)
[2016.03.21-18.34.39:424][  0]LogTexture:Display: Building textures: ShadowMapTexture2D_104 (BGRA8)
[2016.03.21-18.34.40:148][  0]LogTexture:Display: Building textures: ShadowMapTexture2D_107 (BGRA8)
[2016.03.21-18.34.42:996][  0]LogTexture:Display: Building textures: ShadowMapTexture2D_91 (BGRA8)
[2016.03.21-18.34.44:473][  0]LogTexture:Display: Building textures: ShadowMapTexture2D_96 (BGRA8)
[2016.03.21-18.34.45:007][  0]LogAIModule: Creating AISystem for world SideScrollerExampleMap
[2016.03.21-18.34.47:304][  0]LogEditorServer: Finished looking for orphan Actors (0.000 secs)
[2016.03.21-18.34.49:307][  0]Cmd: MAP CHECKDEP NOCLEARLOG
[2016.03.21-18.34.49:618][  0]MapCheck: Info Map check complete: 0 Error(s), 0 Warning(s), took 310.93ms to complete.
[2016.03.21-18.34.49:618][  0]LogFileHelpers: Loading map 'SideScrollerExampleMap' took 32.593
[2016.03.21-18.34.53:982][  0]LogCollectionManager: Loaded 0 collections in 0.004636 seconds
[2016.03.21-18.34.54:012][  0]LogContentBrowser: Native class hierarchy populated in 0.0227 seconds. Added 1792 classes and 301 folders.
[2016.03.21-18.34.54:802][  0]LogContentBrowser: Native class hierarchy updated for 'WidgetCarousel' in 0.0004 seconds. Added 0 classes and 0 folders.
[2016.03.21-18.35.01:022][  0]LogContentBrowser: Native class hierarchy updated for 'AddContentDialog' in 0.0007 seconds. Added 0 classes and 0 folders.
[2016.03.21-18.35.01:618][  0]LogContentBrowser: Native class hierarchy updated for 'SceneOutliner' in 0.0007 seconds. Added 1 classes and 2 folders.
[2016.03.21-18.35.08:814][  0]LogCrashTracker: Crashtracker disabled due to settings.
[2016.03.21-18.35.09:944][  0]LogD3D11RHI: InitD3DDevice
[2016.03.21-18.35.10:448][  0]LogUObjectGlobals:Warning: Failed to find object 'Class None.'
[2016.03.21-18.35.11:582][  0]LogLoad: Full Startup: 138.00 seconds (BP compile: 1.38 seconds)
[2016.03.21-18.35.18:348][  0]LogContentStreaming: Texture pool size is 0.000000MB
[2016.03.21-18.35.20:136][  0]LogContentStreaming: Texture pool size now 400 MB
[2016.03.21-18.35.23:449][  0]LogRenderer: Reallocating scene render targets to support 1576x776 (Frame:2).
[2016.03.21-18.35.31:711][  1]LogD3D11RHI: Timed out while waiting for GPU to catch up. (500 ms)
[2016.03.21-18.35.43:447][ 11]LogAssetRegistry: Asset discovery search completed in 105.1464 seconds
[2016.03.21-18.37.04:225][251]LogD3D11RHI: Timed out while waiting for GPU to catch up. (0.5 s)
[2016.03.21-18.37.04:725][252]LogD3D11RHI: Timed out while waiting for GPU to catch up. (0.5 s)
[2016.03.21-18.37.05:226][253]LogD3D11RHI: Timed out while waiting for GPU to catch up. (0.5 s)
[2016.03.21-18.37.43:069][367]LogD3D11RHI: Timed out while waiting for GPU to catch up. (0.5 s)
[2016.03.21-18.37.44:455][370]LogD3D11RHI: Timed out while waiting for GPU to catch up. (0.5 s)
[2016.03.21-18.37.44:955][371]LogD3D11RHI: Timed out while waiting for GPU to catch up. (0.5 s)
[2016.03.21-18.38.52:542][574]LogD3D11RHI: Timed out while waiting for GPU to catch up. (0.5 s)
[2016.03.21-18.38.53:043][575]LogD3D11RHI: Timed out while waiting for GPU to catch up. (0.5 s)
[2016.03.21-18.38.53:543][576]LogD3D11RHI: Timed out while waiting for GPU to catch up. (0.5 s)
[2016.03.21-18.38.54:044][577]LogD3D11RHI: Timed out while waiting for GPU to catch up. (500 ms)
[2016.03.21-18.42.12:527][172]LogD3D11RHI: Timed out while waiting for GPU to catch up. (0.5 s)
[2016.03.21-18.43.15:828][351]Cmd: QUIT_EDITOR
[2016.03.21-18.43.16:643][351]LogExit: Preparing to exit.
[2016.03.21-18.43.18:387][351]LogExit: Editor shut down
[2016.03.21-18.43.18:402][351]LogExit: Transaction tracking system shut down
[2016.03.21-18.43.18:407][351]LogParticles: Destroying 0 GPU particle simulations for FXSystem 0x00000000109EC7C0
[2016.03.21-18.43.20:504][351]LogParticles: Destroying 0 GPU particle simulations for FXSystem 0x00000000204A13A0
[2016.03.21-18.43.20:504][351]LogParticles: Destroying 0 GPU particle simulations for FXSystem 0x0000000022075BC0
[2016.03.21-18.43.20:504][351]LogExit: Object subsystem successfully closed.
[2016.03.21-18.43.21:811][351]LogD3D11RHI: Shutdown
[2016.03.21-18.43.21:813][351]LogD3D11RHI: CleanupD3DDevice
[2016.03.21-18.43.22:261][351]LogD3D11RHI: ~FD3D11DynamicRHI
[2016.03.21-18.43.22:489][351]LogModuleManager: Shutting down and abandoning module CrashTracker (188)
[2016.03.21-18.43.22:489][351]LogModuleManager: Shutting down and abandoning module SceneOutliner (187)
[2016.03.21-18.43.22:489][351]LogModuleManager: Shutting down and abandoning module SuperSearch (186)
[2016.03.21-18.43.22:489][351]LogModuleManager: Shutting down and abandoning module WidgetCarousel (185)
[2016.03.21-18.43.22:496][351]LogModuleManager: Shutting down and abandoning module AddContentDialog (184)
[2016.03.21-18.43.22:503][351]LogModuleManager: Shutting down and abandoning module EditorWidgets (183)
[2016.03.21-18.43.22:503][351]LogModuleManager: Shutting down and abandoning module CollectionManager (182)
[2016.03.21-18.43.22:524][351]LogModuleManager: Shutting down and abandoning module StatsViewer (181)
[2016.03.21-18.43.22:542][351]LogModuleManager: Shutting down and abandoning module FoliageEdit (180)
[2016.03.21-18.43.22:544][351]LogModuleManager: Shutting down and abandoning module LandscapeEditor (179)
[2016.03.21-18.43.22:555][351]LogModuleManager: Shutting down and abandoning module ActorPickerMode (178)
[2016.03.21-18.43.22:555][351]LogModuleManager: Shutting down and abandoning module GeometryMode (177)
[2016.03.21-18.43.22:555][351]LogModuleManager: Shutting down and abandoning module TextureAlignMode (176)
[2016.03.21-18.43.22:555][351]LogModuleManager: Shutting down and abandoning module BspMode (175)
[2016.03.21-18.43.22:555][351]LogModuleManager: Shutting down and abandoning module PlacementMode (174)
[2016.03.21-18.43.22:564][351]LogModuleManager: Shutting down and abandoning module AutomationWorker (173)
[2016.03.21-18.43.22:564][351]LogModuleManager: Shutting down and abandoning module CharacterAI (172)
[2016.03.21-18.43.22:564][351]LogModuleManager: Shutting down and abandoning module SmartSnapping (171)
[2016.03.21-18.43.22:564][351]LogModuleManager: Shutting down and abandoning module ViewportSnapping (170)
[2016.03.21-18.43.22:564][351]LogModuleManager: Shutting down and abandoning module LogVisualizer (169)
[2016.03.21-18.43.22:591][351]LogModuleManager: Shutting down and abandoning module GameProjectGeneration (168)
[2016.03.21-18.43.22:605][351]LogModuleManager: Shutting down and abandoning module IntroTutorials (167)
[2016.03.21-18.43.22:621][351]LogModuleManager: Shutting down and abandoning module EditorLiveStreaming (166)
[2016.03.21-18.43.22:621][351]LogModuleManager: Shutting down and abandoning module IOSPlatformEditor (165)
[2016.03.21-18.43.22:626][351]LogModuleManager: Shutting down and abandoning module HTML5PlatformEditor (164)
[2016.03.21-18.43.22:626][351]LogModuleManager: Shutting down and abandoning module AndroidDeviceDetection (163)
[2016.03.21-18.43.22:935][351]LogModuleManager: Shutting down and abandoning module AndroidPlatformEditor (162)
[2016.03.21-18.43.22:935][351]LogModuleManager: Shutting down and abandoning module IOSRuntimeSettings (161)
[2016.03.21-18.43.22:935][351]LogModuleManager: Shutting down and abandoning module AndroidRuntimeSettings (160)
[2016.03.21-18.43.22:935][351]LogModuleManager: Shutting down and abandoning module MergeActors (159)
[2016.03.21-18.43.22:961][351]LogModuleManager: Shutting down and abandoning module SizeMap (158)
[2016.03.21-18.43.22:961][351]LogModuleManager: Shutting down and abandoning module TreeMap (157)
[2016.03.21-18.43.22:978][351]LogModuleManager: Shutting down and abandoning module ReferenceViewer (156)
[2016.03.21-18.43.22:978][351]LogModuleManager: Shutting down and abandoning module LocalizationDashboard (155)
[2016.03.21-18.43.22:986][351]LogModuleManager: Shutting down and abandoning module HardwareTargeting (154)
[2016.03.21-18.43.22:986][351]LogModuleManager: Shutting down and abandoning module DeviceProfileEditor (153)
[2016.03.21-18.43.22:994][351]LogModuleManager: Shutting down and abandoning module UndoHistory (152)
[2016.03.21-18.43.23:009][351]LogModuleManager: Shutting down and abandoning module GameplayTagsEditor (151)
[2016.03.21-18.43.23:019][351]LogModuleManager: Shutting down and abandoning module UserFeedback (150)
[2016.03.21-18.43.23:019][351]LogModuleManager: Shutting down and abandoning module XmlParser (149)
[2016.03.21-18.43.23:033][351]LogModuleManager: Shutting down and abandoning module Blutility (148)
[2016.03.21-18.43.23:033][351]LogModuleManager: Shutting down and abandoning module ProjectTargetPlatformEditor (147)
[2016.03.21-18.43.23:033][351]LogModuleManager: Shutting down and abandoning module ProjectSettingsViewer (146)
[2016.03.21-18.43.23:033][351]LogModuleManager: Shutting down and abandoning module InputBindingEditor (145)
[2016.03.21-18.43.23:059][351]LogModuleManager: Shutting down and abandoning module EditorSettingsViewer (144)
[2016.03.21-18.43.23:059][351]LogModuleManager: Shutting down and abandoning module SettingsEditor (143)
[2016.03.21-18.43.23:066][351]LogModuleManager: Shutting down and abandoning module ProjectLauncher (142)
[2016.03.21-18.43.23:081][351]LogModuleManager: Shutting down and abandoning module SessionFrontend (141)
[2016.03.21-18.43.23:090][351]LogModuleManager: Shutting down and abandoning module ProfilerClient (140)
[2016.03.21-18.43.23:093][351]LogModuleManager: Shutting down and abandoning module TargetDeviceServices (139)
[2016.03.21-18.43.23:099][351]LogModuleManager: Shutting down and abandoning module DeviceManager (138)
[2016.03.21-18.43.23:104][351]LogModuleManager: Shutting down and abandoning module AutomationController (137)
[2016.03.21-18.43.23:109][351]LogModuleManager: Shutting down and abandoning module AutomationWindow (136)
[2016.03.21-18.43.23:118][351]LogModuleManager: Shutting down and abandoning module Layers (135)
[2016.03.21-18.43.23:137][351]LogModuleManager: Shutting down and abandoning module ComponentVisualizers (134)
[2016.03.21-18.43.23:137][351]LogModuleManager: Shutting down and abandoning module DetailCustomizations (133)
[2016.03.21-18.43.23:137][351]LogModuleManager: Shutting down and abandoning module PackagesDialog (132)
[2016.03.21-18.43.23:146][351]LogModuleManager: Shutting down and abandoning module AssetRegistry (131)
[2016.03.21-18.43.23:366][351]LogModuleManager: Shutting down and abandoning module Persona (130)
[2016.03.21-18.43.23:383][351]LogModuleManager: Shutting down and abandoning module Kismet (129)
[2016.03.21-18.43.23:409][351]LogModuleManager: Shutting down and abandoning module GraphEditor (128)
[2016.03.21-18.43.23:441][351]LogModuleManager: Shutting down and abandoning module ClassViewer (127)
[2016.03.21-18.43.23:447][351]LogModuleManager: Shutting down and abandoning module Toolbox (126)
[2016.03.21-18.43.23:447][351]LogModuleManager: Shutting down and abandoning module ModuleUI (125)
[2016.03.21-18.43.23:451][351]LogModuleManager: Shutting down and abandoning module MovieSceneTools (124)
[2016.03.21-18.43.23:468][351]LogModuleManager: Shutting down and abandoning module OutputLog (123)
[2016.03.21-18.43.23:468][351]LogModuleManager: Shutting down and abandoning module GammaUI (122)
[2016.03.21-18.43.23:485][351]LogModuleManager: Shutting down and abandoning module Documentation (121)
[2016.03.21-18.43.23:485][351]LogModuleManager: Shutting down and abandoning module GameLiveStreaming (120)
[2016.03.21-18.43.23:489][351]LogModuleManager: Shutting down and abandoning module StreamingPauseRendering (119)
[2016.03.21-18.43.23:489][351]LogModuleManager: Shutting down and abandoning module AnalyticsET (118)
[2016.03.21-18.43.23:489][351]LogModuleManager: Shutting down and abandoning module Analytics (117)
[2016.03.21-18.43.23:489][351]LogModuleManager: Shutting down and abandoning module AITestSuite (116)
[2016.03.21-18.43.23:499][351]LogModuleManager: Shutting down and abandoning module GameplayDebugger (115)
[2016.03.21-18.43.23:504][351]LogModuleManager: Shutting down and abandoning module AIModule (114)
[2016.03.21-18.43.23:505][351]LogModuleManager: Shutting down and abandoning module ProfilerService (113)
[2016.03.21-18.43.23:619][351]LogModuleManager: Shutting down and abandoning module TaskGraph (112)
[2016.03.21-18.43.23:641][351]LogModuleManager: Shutting down and abandoning module SlateRemote (111)
[2016.03.21-18.43.23:641][351]LogModuleManager: Shutting down and abandoning module SteamVRController (110)
[2016.03.21-18.43.23:641][351]LogModuleManager: Shutting down and abandoning module SteamVR (109)
[2016.03.21-18.43.23:641][351]LogModuleManager: Shutting down and abandoning module ProceduralMeshComponent (108)
[2016.03.21-18.43.23:641][351]LogModuleManager: Shutting down and abandoning module OculusRift (107)
[2016.03.21-18.43.23:641][351]LogModuleManager: Shutting down and abandoning module LeapMotionController (106)
[2016.03.21-18.43.23:765][351]LogModuleManager: Shutting down and abandoning module CustomMeshComponent (105)
[2016.03.21-18.43.23:765][351]LogModuleManager: Shutting down and abandoning module CableComponent (104)
[2016.03.21-18.43.23:782][351]LogModuleManager: Shutting down and abandoning module MessagingDebugger (103)
[2016.03.21-18.43.23:806][351]LogModuleManager: Shutting down and abandoning module MediaPlayerEditor (102)
[2016.03.21-18.43.23:818][351]LogModuleManager: Shutting down and abandoning module SpeedTreeImporter (101)
[2016.03.21-18.43.23:818][351]LogModuleManager: Shutting down and abandoning module PluginBrowser (100)
[2016.03.21-18.43.23:820][351]LogModuleManager: Shutting down and abandoning module EpicSurvey (99)
[2016.03.21-18.43.23:858][351]LogModuleManager: Shutting down and abandoning module DesktopPlatform (98)
[2016.03.21-18.43.23:928][351]LogModuleManager: Shutting down and abandoning module VisualStudioSourceCodeAccess (97)
[2016.03.21-18.43.23:945][351]LogModuleManager: Shutting down and abandoning module UObjectPlugin (96)
[2016.03.21-18.43.23:945][351]LogModuleManager: Shutting down and abandoning module SubversionSourceControl (95)
[2016.03.21-18.43.23:956][351]LogModuleManager: Shutting down and abandoning module PerforceSourceControl (94)
[2016.03.21-18.43.24:000][351]LogModuleManager: Shutting down and abandoning module SourceControl (93)
[2016.03.21-18.43.24:033][351]LogModuleManager: Shutting down and abandoning module GitSourceControl (92)
[2016.03.21-18.43.24:041][351]LogModuleManager: Shutting down and abandoning module BlankPlugin (91)
[2016.03.21-18.43.24:041][351]LogModuleManager: Shutting down and abandoning module PaperTiledImporter (90)
[2016.03.21-18.43.24:041][351]LogModuleManager: Shutting down and abandoning module PaperSpriteSheetImporter (89)
[2016.03.21-18.43.24:041][351]LogModuleManager: Shutting down and abandoning module MeshPaint (88)
[2016.03.21-18.43.24:048][351]LogModuleManager: Shutting down and abandoning module SlateReflector (87)
[2016.03.21-18.43.24:071][351]LogModuleManager: Shutting down and abandoning module DirectoryWatcher (86)
[2016.03.21-18.43.24:071][351]LogModuleManager: Shutting down and abandoning module HotReload (85)
[2016.03.21-18.43.24:071][351]LogModuleManager: Shutting down and abandoning module MainFrame (84)
[2016.03.21-18.43.24:071][351]LogModuleManager: Shutting down and abandoning module LevelEditor (83)
[2016.03.21-18.43.24:109][351]LogModuleManager: Shutting down and abandoning module ContentBrowser (82)
[2016.03.21-18.43.24:109][351]LogModuleManager: Shutting down and abandoning module Paper2DEditor (81)
[2016.03.21-18.43.24:134][351]LogModuleManager: Shutting down and abandoning module UdpMessaging (80)
[2016.03.21-18.43.24:234][351]LogModuleManager: Shutting down and abandoning module Paper2D (79)
[2016.03.21-18.43.24:270][351]LogModuleManager: Shutting down and abandoning module WindowsMoviePlayer (78)
[2016.03.21-18.43.24:318][351]LogModuleManager: Shutting down and abandoning module Media (77)
[2016.03.21-18.43.24:318][351]LogModuleManager: Shutting down and abandoning module WmfMedia (76)
[2016.03.21-18.43.24:360][351]LogModuleManager: Shutting down and abandoning module OnlineBlueprintSupport (75)
[2016.03.21-18.43.24:360][351]LogModuleManager: Shutting down and abandoning module PropertyEditor (74)
[2016.03.21-18.43.24:370][351]LogModuleManager: Shutting down and abandoning module BehaviorTreeEditor (73)
[2016.03.21-18.43.24:399][351]LogModuleManager: Shutting down and abandoning module FunctionalTesting (72)
[2016.03.21-18.43.24:408][351]LogModuleManager: Shutting down and abandoning module CollisionAnalyzer (71)
[2016.03.21-18.43.24:421][351]LogModuleManager: Shutting down and abandoning module WorkspaceMenuStructure (70)
[2016.03.21-18.43.24:431][351]LogModuleManager: Shutting down and abandoning module MessageLog (69)
[2016.03.21-18.43.24:431][351]LogModuleManager: Shutting down and abandoning module Sequencer (68)
[2016.03.21-18.43.24:433][351]LogModuleManager: Shutting down and abandoning module AssetTools (67)
[2016.03.21-18.43.24:450][351]LogModuleManager: Shutting down and abandoning module UMGEditor (66)
[2016.03.21-18.43.24:486][351]LogModuleManager: Shutting down and abandoning module UMG (65)
[2016.03.21-18.43.24:505][351]LogModuleManager: Shutting down and abandoning module Slate (64)
[2016.03.21-18.43.24:505][351]LogModuleManager: Shutting down and abandoning module EditorStyle (63)
[2016.03.21-18.43.24:612][351]LogModuleManager: Shutting down and abandoning module SessionServices (62)
[2016.03.21-18.43.24:612][351]LogModuleManager: Shutting down and abandoning module SourceCodeAccess (61)
[2016.03.21-18.43.24:612][351]LogModuleManager: Shutting down and abandoning module HeadMountedDisplay (60)
[2016.03.21-18.43.24:612][351]LogModuleManager: Shutting down and abandoning module XAudio2 (59)
[2016.03.21-18.43.24:612][351]LogModuleManager: Shutting down and abandoning module Networking (57)
[2016.03.21-18.43.24:612][351]LogModuleManager: Shutting down and abandoning module Core (56)
[2016.03.21-18.43.24:612][351]LogModuleManager: Shutting down and abandoning module KismetCompiler (55)
[2016.03.21-18.43.24:623][351]LogModuleManager: Shutting down and abandoning module PhysXFormats (54)
[2016.03.21-18.43.24:632][351]LogModuleManager: Shutting down and abandoning module MeshUtilities (53)
[2016.03.21-18.43.24:656][351]LogModuleManager: Shutting down and abandoning module DerivedDataCache (52)
[2016.03.21-18.43.24:705][351]LogDerivedDataCache: Shutdown
[2016.03.21-18.43.24:705][351]LogModuleManager: Shutting down and abandoning module ShaderFormatOpenGL (51)
[2016.03.21-18.43.24:713][351]LogModuleManager: Shutting down and abandoning module ShaderFormatD3D (50)
[2016.03.21-18.43.24:725][351]LogModuleManager: Shutting down and abandoning module MetalShaderFormat (49)
[2016.03.21-18.43.24:744][351]LogModuleManager: Shutting down and abandoning module TextureFormatUncompressed (48)
[2016.03.21-18.43.24:744][351]LogModuleManager: Shutting down and abandoning module TextureFormatPVR (47)
[2016.03.21-18.43.24:748][351]LogModuleManager: Shutting down and abandoning module TextureFormatIntelISPCTexComp (46)
[2016.03.21-18.43.24:757][351]LogModuleManager: Shutting down and abandoning module TextureFormatDXT (45)
[2016.03.21-18.43.24:757][351]LogModuleManager: Shutting down and abandoning module ImageWrapper (44)
[2016.03.21-18.43.24:757][351]LogModuleManager: Shutting down and abandoning module TextureFormatASTC (43)
[2016.03.21-18.43.24:757][351]LogModuleManager: Shutting down and abandoning module TextureFormatAndroid (42)
[2016.03.21-18.43.24:757][351]LogModuleManager: Shutting down and abandoning module AudioFormatOpus (41)
[2016.03.21-18.43.24:771][351]LogModuleManager: Shutting down and abandoning module AudioFormatOgg (40)
[2016.03.21-18.43.24:774][351]LogModuleManager: Shutting down and abandoning module AudioFormatADPCM (39)
[2016.03.21-18.43.24:774][351]LogModuleManager: Shutting down and abandoning module LinuxTargetPlatform (38)
[2016.03.21-18.43.24:774][351]LogModuleManager: Shutting down and abandoning module LinuxServerTargetPlatform (37)
[2016.03.21-18.43.24:781][351]LogModuleManager: Shutting down and abandoning module LinuxNoEditorTargetPlatform (36)
[2016.03.21-18.43.24:785][351]LogModuleManager: Shutting down and abandoning module Messaging (35)
[2016.03.21-18.43.24:785][351]LogModuleManager: Shutting down and abandoning module IOSTargetPlatform (34)
[2016.03.21-18.43.24:785][351]LogModuleManager: Shutting down and abandoning module HTML5TargetPlatform (33)
[2016.03.21-18.43.24:785][351]LogModuleManager: Shutting down and abandoning module Android_PVRTCTargetPlatform (32)
[2016.03.21-18.43.24:785][351]LogModuleManager: Shutting down and abandoning module Android_ETC2TargetPlatform (31)
[2016.03.21-18.43.24:785][351]LogModuleManager: Shutting down and abandoning module Android_ETC1TargetPlatform (30)
[2016.03.21-18.43.24:785][351]LogModuleManager: Shutting down and abandoning module Android_DXTTargetPlatform (29)
[2016.03.21-18.43.24:785][351]LogModuleManager: Shutting down and abandoning module Android_ATCTargetPlatform (28)
[2016.03.21-18.43.24:785][351]LogModuleManager: Shutting down and abandoning module Android_ASTCTargetPlatform (27)
[2016.03.21-18.43.24:785][351]LogModuleManager: Shutting down and abandoning module AndroidTargetPlatform (26)
[2016.03.21-18.43.24:785][351]LogModuleManager: Shutting down and abandoning module WindowsTargetPlatform (25)
[2016.03.21-18.43.24:800][351]LogModuleManager: Shutting down and abandoning module WindowsServerTargetPlatform (24)
[2016.03.21-18.43.24:800][351]LogModuleManager: Shutting down and abandoning module WindowsNoEditorTargetPlatform (23)
[2016.03.21-18.43.24:800][351]LogModuleManager: Shutting down and abandoning module WindowsClientTargetPlatform (22)
[2016.03.21-18.43.24:800][351]LogModuleManager: Shutting down and abandoning module DesktopTargetPlatform (21)
[2016.03.21-18.43.24:800][351]LogModuleManager: Shutting down and abandoning module TargetPlatform (20)
[2016.03.21-18.43.24:816][351]LogModuleManager: Shutting down and abandoning module InputCore (19)
[2016.03.21-18.43.24:823][351]LogModuleManager: Shutting down and abandoning module Settings (18)
[2016.03.21-18.43.24:823][351]LogModuleManager: Shutting down and abandoning module OnlineSubsystem (16)
[2016.03.21-18.43.24:823][351]LogModuleManager: Shutting down and abandoning module HTTP (15)
[2016.03.21-18.43.24:843][351]LogModuleManager: Shutting down and abandoning module ExampleDeviceProfileSelector (14)
[2016.03.21-18.43.24:846][351]LogModuleManager: Shutting down and abandoning module TextureCompressor (13)
[2016.03.21-18.43.24:859][351]LogModuleManager: Shutting down and abandoning module ShaderCore (12)
[2016.03.21-18.43.24:859][351]LogModuleManager: Shutting down and abandoning module Landscape (11)
[2016.03.21-18.43.24:859][351]LogModuleManager: Shutting down and abandoning module SlateRHIRenderer (10)
[2016.03.21-18.43.24:874][351]LogModuleManager: Shutting down and abandoning module OpenGLDrv (9)
[2016.03.21-18.43.24:882][351]LogModuleManager: Shutting down and abandoning module D3D11RHI (8)
[2016.03.21-18.43.24:882][351]LogModuleManager: Shutting down and abandoning module Renderer (7)
[2016.03.21-18.43.24:882][351]LogModuleManager: Shutting down and abandoning module Engine (6)
[2016.03.21-18.43.24:882][351]LogModuleManager: Shutting down and abandoning module CoreUObject (5)
[2016.03.21-18.43.24:882][351]LogModuleManager: Shutting down and abandoning module NetworkFile (4)
[2016.03.21-18.43.24:903][351]LogModuleManager: Shutting down and abandoning module StreamingFile (3)
[2016.03.21-18.43.24:913][351]LogModuleManager: Shutting down and abandoning module SandboxFile (2)
[2016.03.21-18.43.24:918][351]LogModuleManager: Shutting down and abandoning module PakFile (1)
[2016.03.21-18.43.24:989][351]LogExit: Exiting.
[2016.03.21-18.43.25:209][351]Log file closed, 03/21/16 14:43:25
