[2016.02.24-20.19.53:000][  0]Log file open, 02/24/16 15:19:53
[2016.02.24-20.19.53:000][  0]LogInit:Display: Running engine for game: MyProject
[2016.02.24-20.19.53:000][  0]LogInit:Display: RandInit(-772291946) SRandInit(-772291946).
[2016.02.24-20.19.53:000][  0]LogTaskGraph: Started task graph with 4 named threads and 7 total threads.
[2016.02.24-20.19.53:000][  0]LogStats: Stats thread started
[2016.02.24-20.19.53:000][  0]LogInit: Version: 4.8.3-2634408+++depot+UE4-Releases+4.8
[2016.02.24-20.19.53:000][  0]LogInit: API Version: 2579680
[2016.02.24-20.19.53:000][  0]LogInit: Compiled (64-bit): Jul 27 2015 16:24:33
[2016.02.24-20.19.53:000][  0]LogInit: Compiled with Visual C++: 18.00.21005.01
[2016.02.24-20.19.53:000][  0]LogInit: Build Configuration: Development
[2016.02.24-20.19.53:000][  0]LogInit: Branch Name: ++depot+UE4-Releases+4.8
[2016.02.24-20.19.53:000][  0]LogInit: Command line: 
[2016.02.24-20.19.53:000][  0]LogInit: Base directory: C:/Program Files/Epic Games/4.8/Engine/Binaries/Win64/
[2016.02.24-20.19.53:000][  0]LogInit: Rocket: 1
[2016.02.24-20.19.53:017][  0]LogInit: Using libcurl 7.41.0
[2016.02.24-20.19.53:017][  0]LogInit:  - built for x86_64-pc-win32
[2016.02.24-20.19.53:017][  0]LogInit:  - supports SSL with WinSSL
[2016.02.24-20.19.53:017][  0]LogInit:  - other features:
[2016.02.24-20.19.53:017][  0]LogInit:      CURL_VERSION_SSL
[2016.02.24-20.19.53:017][  0]LogInit:      CURL_VERSION_IPV6
[2016.02.24-20.19.53:017][  0]LogInit:      CURL_VERSION_ASYNCHDNS
[2016.02.24-20.19.53:017][  0]LogInit:      CURL_VERSION_LARGEFILE
[2016.02.24-20.19.53:017][  0]LogInit:      CURL_VERSION_IDN
[2016.02.24-20.19.53:017][  0]LogInit:  CurlRequestOptions (configurable via config and command line):
[2016.02.24-20.19.53:017][  0]LogInit:  - bVerifyPeer = true  - Libcurl will verify peer certificate
[2016.02.24-20.19.53:017][  0]LogInit:  - bUseHttpProxy = false  - Libcurl will NOT use HTTP proxy
[2016.02.24-20.19.53:017][  0]LogInit:  - bDontReuseConnections = false  - Libcurl will reuse connections
[2016.02.24-20.19.53:017][  0]LogInit:  - CertBundlePath = nullptr  - Libcurl will use whatever was configured at build time.
[2016.02.24-20.19.53:031][  0]LogOnline:Warning: No default platform service specified for OnlineSubsystem
[2016.02.24-20.19.53:048][  0]LogInit: Presizing for 0 objects not considered by GC, pre-allocating 0 bytes.
[2016.02.24-20.19.53:057][  0]LogInit: Object subsystem initialized
[2016.02.24-20.19.53:058][  0]LogConsoleResponse:Warning: Skipping Unknown console variable: 'TranslucentSortAxis = (X=0.000000,Y=-1.000000,Z=0.000000)'
[2016.02.24-20.19.53:058][  0]LogConsoleResponse:Warning:   Found in ini file 'C:/Users/quinonn/Documents/GitHub/Gamefiles/MyProject/Saved/Config/Windows/Engine.ini', in section '[/Script/Engine.RendererSettings]'
[2016.02.24-20.19.53:058][  0]LogConsoleResponse:Warning: Skipping Unknown console variable: 'UIScaleRule = ShortestSide'
[2016.02.24-20.19.53:058][  0]LogConsoleResponse:Warning:   Found in ini file 'C:/Users/quinonn/Documents/GitHub/Gamefiles/MyProject/Saved/Config/Windows/Engine.ini', in section '[/Script/Engine.RendererSettings]'
[2016.02.24-20.19.53:058][  0]LogConsoleResponse:Warning: Skipping Unknown console variable: 'UIScaleCurve = (EditorCurveData=(Keys=),ExternalCurve=None)'
[2016.02.24-20.19.53:058][  0]LogConsoleResponse:Warning:   Found in ini file 'C:/Users/quinonn/Documents/GitHub/Gamefiles/MyProject/Saved/Config/Windows/Engine.ini', in section '[/Script/Engine.RendererSettings]'
[2016.02.24-20.19.53:059][  0]LogInit: Selected Device Profile: [Windows]
[2016.02.24-20.19.53:059][  0]LogInit: Applying CVar settings loaded from the selected device profile: [Windows]
[2016.02.24-20.19.53:094][  0]LogInit: Computer: DDW-G238-MAC09
[2016.02.24-20.19.53:094][  0]LogInit: User: quinonn
[2016.02.24-20.19.53:094][  0]LogInit: CPU Page size=4096, Cores=4
[2016.02.24-20.19.53:094][  0]LogInit: High frequency timer resolution =2.630771 MHz
[2016.02.24-20.19.53:094][  0]LogMemory: Memory total: Physical=4.0GB (4GB approx)
[2016.02.24-20.19.53:094][  0]LogMemory: Platform Memory Stats for Windows
[2016.02.24-20.19.53:094][  0]LogMemory: Process Physical Memory: 49.70 MB used, 49.70 MB peak
[2016.02.24-20.19.53:094][  0]LogMemory: Process Virtual Memory: 23.80 MB used, 23.80 MB peak
[2016.02.24-20.19.53:094][  0]LogMemory: Physical Memory: 3383.73 MB used, 4071.74 MB total
[2016.02.24-20.19.53:094][  0]LogMemory: Virtual Memory: 285.34 MB used, 8388608.00 MB total
[2016.02.24-20.19.53:137][  0]LogTextLocalizationManager: The requested culture ('en_US') has no localization data; parent culture's ('en') localization data will be used.
[2016.02.24-20.19.53:383][  0]LogTextLocalizationManager:Warning: Loaded localization resources contain conflicting entries for (Namespace:ContentBrowser, Key:ImportAssetToolTip):
Localization Resource: (C:/Program Files/Epic Games/4.8/Engine/Content/Localization/Editor/en/Editor.locres) Source String Hash: (-630476809) Localized String: (Import to {0}...)
Localization Resource: (C:/Program Files/Epic Games/4.8/Engine/Content/Localization/Editor/en/Editor.locres) Source String Hash: (1271782899) Localized String: (Imports an asset from file to this folder.)
[2016.02.24-20.19.54:465][  0]LogD3D11RHI: Found D3D11 adapter 0: AMD Radeon HD 6700M Series (Feature Level 11_0)
[2016.02.24-20.19.54:465][  0]LogD3D11RHI: Adapter has 501MB of dedicated video memory, 0MB of dedicated system memory, and 1779MB of shared system memory, 1 output[s]
[2016.02.24-20.19.54:465][  0]LogD3D11RHI: Chosen D3D11 Adapter Id = 0
[2016.02.24-20.19.54:471][  0]LogD3D11RHI: InitD3DDevice
[2016.02.24-20.19.54:471][  0]LogD3D11RHI: !Direct3DDevice
[2016.02.24-20.19.54:471][  0]LogRHI: Texture pool is 351 MB (70% of 501 MB)
[2016.02.24-20.19.54:481][  0]LogD3D11RHI: Async texture creation disabled: no driver support
[2016.02.24-20.19.54:494][  0]LogShaderCompilers:Display: Using Local Shader Compiler.
[2016.02.24-20.20.04:245][  0]LogTemp:Display: Loaded TP DesktopTargetPlatform
[2016.02.24-20.20.04:263][  0]LogTemp:Display: Loaded TP WindowsClientTargetPlatform
[2016.02.24-20.20.04:281][  0]LogTemp:Display: Loaded TP WindowsNoEditorTargetPlatform
[2016.02.24-20.20.04:299][  0]LogTemp:Display: Loaded TP WindowsServerTargetPlatform
[2016.02.24-20.20.04:320][  0]LogTemp:Display: Loaded TP WindowsTargetPlatform
[2016.02.24-20.20.04:338][  0]LogTemp:Display: Loaded TP AndroidTargetPlatform
[2016.02.24-20.20.04:354][  0]LogTemp:Display: Loaded TP Android_ASTCTargetPlatform
[2016.02.24-20.20.04:371][  0]LogTemp:Display: Loaded TP Android_ATCTargetPlatform
[2016.02.24-20.20.04:387][  0]LogTemp:Display: Loaded TP Android_DXTTargetPlatform
[2016.02.24-20.20.04:404][  0]LogTemp:Display: Loaded TP Android_ETC1TargetPlatform
[2016.02.24-20.20.04:419][  0]LogTemp:Display: Loaded TP Android_ETC2TargetPlatform
[2016.02.24-20.20.04:434][  0]LogTemp:Display: Loaded TP Android_PVRTCTargetPlatform
[2016.02.24-20.20.04:490][  0]LogTemp:Display: Loaded TP IOSTargetPlatform
[2016.02.24-20.20.04:506][  0]LogTemp:Display: Loaded TP LinuxNoEditorTargetPlatform
[2016.02.24-20.20.04:522][  0]LogTemp:Display: Loaded TP LinuxServerTargetPlatform
[2016.02.24-20.20.04:541][  0]LogTemp:Display: Loaded TP LinuxTargetPlatform
[2016.02.24-20.20.04:541][  0]LogTargetPlatformManager:Display: Building Assets For Windows
[2016.02.24-20.20.04:800][  0]LogDerivedDataCache:Display: Max Cache Size: 512 MB
[2016.02.24-20.20.04:866][  0]LogDerivedDataCache: Loaded boot cache 0.07s 53MB C:/Users/quinonn/AppData/Local/UnrealEngine/4.8/DerivedDataCache/Boot.ddc.
[2016.02.24-20.20.04:866][  0]LogDerivedDataCache:Display: Loaded Boot cache: C:/Users/quinonn/AppData/Local/UnrealEngine/4.8/DerivedDataCache/Boot.ddc
[2016.02.24-20.20.04:866][  0]LogDerivedDataCache: FDerivedDataBackendGraph:  Pak pak cache file ../../../../../../Users/quinonn/Documents/GitHub/Gamefiles/MyProject/DerivedDataCache/DDC.ddp not found, will not use a pak cache.
[2016.02.24-20.20.04:866][  0]LogDerivedDataCache: Unable to find inner node Pak for hierarchical cache Hierarchy.
[2016.02.24-20.20.04:866][  0]LogDerivedDataCache: FDerivedDataBackendGraph:  CompressedPak pak cache file ../../../../../../Users/quinonn/Documents/GitHub/Gamefiles/MyProject/DerivedDataCache/Compressed.ddp not found, will not use a pak cache.
[2016.02.24-20.20.04:866][  0]LogDerivedDataCache: Unable to find inner node CompressedPak for hierarchical cache Hierarchy.
[2016.02.24-20.20.05:191][  0]LogDerivedDataCache:Display: Pak cache opened for reading ../../../Engine/DerivedDataCache/Compressed.ddp.
[2016.02.24-20.20.05:202][  0]LogDerivedDataCache: Using Local data cache path C:/Users/quinonn/AppData/Local/UnrealEngine/Common/DerivedDataCache: Writable
[2016.02.24-20.20.08:896][  0]LogInit: Selected Device Profile: [Windows]
[2016.02.24-20.20.08:906][  0]ImportText (ComponentSweepMultiTests): Missing closing parenthesis: (RootShapeAsset="/Engine/BasicShapes/Cube.Cube",ShapeType="TriggerCapsule",HitResult=(Time=0.50,Location=(X=-100.000015,Y=0.0,Z=100.000015),ImpactPoint=(X=-50.0,Y=0.0,Z=50.0),Normal=(X=-1.0,Y=-0.0,Z=0.0),ImpactNormal=(X=0.0,Y=0.0,Z=1.0),TraceStart=(X=-200.0,Y=0.0,Z=200.0),TraceEnd=(X=0.0,Y=0.0,Z=0.0))
[2016.02.24-20.20.08:907][  0]ImportText (LineTraceSingleByChannelTests): Missing closing parenthesis: (RootShapeAsset="/Engine/BasicShapes/Cube.Cube",HitResult=(Time=0.50,Location=(X=-100.000015,Y=0.0,Z=100.000015),ImpactPoint=(X=-50.0,Y=0.0,Z=50.0),Normal=(X=-1.0,Y=-0.0,Z=0.0),ImpactNormal=(X=0.0,Y=0.0,Z=1.0),TraceStart=(X=-200.0,Y=0.0,Z=200.0),TraceEnd=(X=0.0,Y=0.0,Z=0.0))
[2016.02.24-20.20.08:965][  0]LogMeshUtilities: No automatic mesh reduction module available
[2016.02.24-20.20.08:965][  0]LogMeshUtilities: No automatic mesh merging module available
[2016.02.24-20.20.09:571][  0]LogInit: WinSock: version 1.1 (2.2), MaxSocks=32767, MaxUdp=65467
[2016.02.24-20.20.10:799][  0]UdpMessaging: Initializing bridge on interface 0.0.0.0:0 to multicast group 230.0.0.1:6666.
[2016.02.24-20.20.11:224][  0]SourceControl: Info Source control is disabled
[2016.02.24-20.20.11:225][  0]SourceControl: Info Source control is disabled
[2016.02.24-20.20.11:239][  0]SourceControl: Info Source control is disabled
[2016.02.24-20.20.11:252][  0]SourceControl: Info Source control is disabled
[2016.02.24-20.20.11:550][  0]LogObj: 26273 objects as part of root set at end of initial load.
[2016.02.24-20.20.11:551][  0]LogUObjectAllocator: 5409248 out of 0 bytes used by permanent object pool.
[2016.02.24-20.20.11:667][  0]LogEngine: Initializing Engine...
[2016.02.24-20.20.11:669][  0]LogHMD: Can't find Oculus library dev build: is proper Runtime installed? Version: 0.6.0.0
[2016.02.24-20.20.11:671][  0]LogHMD:Warning: SteamVR failed to initialize.  Error: 110
[2016.02.24-20.20.11:862][  0]LogAIModule: Creating AISystem for world NewWorld
[2016.02.24-20.20.11:871][  0]LogInit: XAudio2 using 'Headphones (Cirrus Logic CS4206B (AB 32))' : 2 channels at 48 kHz using 32 bits per sample (channel mask 0x3)
[2016.02.24-20.20.11:944][  0]LogInit: FAudioDevice initialized.
[2016.02.24-20.20.11:991][  0]LogDerivedDataCache: Saved boot cache 0.05s 53MB C:/Users/quinonn/AppData/Local/UnrealEngine/4.8/DerivedDataCache/Boot.ddc.
[2016.02.24-20.20.11:999][  0]LogInit: Texture streaming: Disabled
[2016.02.24-20.20.12:030][  0]LogAnalytics: Creating configured Analytics provider AnalyticsET
[2016.02.24-20.20.12:030][  0]LogAnalytics: [UEEditor.Rocket.Release] APIServer = http://et2.epicgames.com/ET2/. AppVersion = 4.8.3-2634408+++depot+UE4-Releases+4.8
[2016.02.24-20.20.12:030][  0]LogAnalytics: [UEEditor.Rocket.Release] SetUserId 6e9a6e404f03390ef28616a27d181cf3|3557c17ee8f74e5b944a80d4b2743391|3cf8b3fd-6dc1-4115-bd01-d54acd82ec6a
[2016.02.24-20.20.12:031][  0]LogAnalytics: [UEEditor.Rocket.Release] AnalyticsET::StartSession
[2016.02.24-20.20.12:091][  0]LogInit: Transaction tracking system initialized
[2016.02.24-20.20.12:251][  0]BlueprintLog: New page: Editor Load
[2016.02.24-20.20.12:287][  0]LogAssetRegistry: FAssetRegistry took 0.0102 seconds to start up
[2016.02.24-20.20.12:287][  0]LogDire