[2016.02.24-19.20.31:062][  0]Log file open, 02/24/16 14:20:31
[2016.02.24-19.20.31:062][  0]LogInit:Display: Running engine for game: MyProject
[2016.02.24-19.20.31:062][  0]LogInit:Display: RandInit(-1551477207) SRandInit(-1551477207).
[2016.02.24-19.20.31:062][  0]LogTaskGraph: Started task graph with 4 named threads and 7 total threads.
[2016.02.24-19.20.31:062][  0]LogStats: Stats thread started
[2016.02.24-19.20.31:062][  0]LogInit: Version: 4.8.3-2634408+++depot+UE4-Releases+4.8
[2016.02.24-19.20.31:062][  0]LogInit: API Version: 2579680
[2016.02.24-19.20.31:062][  0]LogInit: Compiled (64-bit): Jul 27 2015 16:24:33
[2016.02.24-19.20.31:062][  0]LogInit: Compiled with Visual C++: 18.00.21005.01
[2016.02.24-19.20.31:062][  0]LogInit: Build Configuration: Development
[2016.02.24-19.20.31:062][  0]LogInit: Branch Name: ++depot+UE4-Releases+4.8
[2016.02.24-19.20.31:062][  0]LogInit: Command line: 
[2016.02.24-19.20.31:062][  0]LogInit: Base directory: C:/Program Files/Epic Games/4.8/Engine/Binaries/Win64/
[2016.02.24-19.20.31:062][  0]LogInit: Rocket: 1
[2016.02.24-19.20.31:087][  0]LogInit: Using libcurl 7.41.0
[2016.02.24-19.20.31:087][  0]LogInit:  - built for x86_64-pc-win32
[2016.02.24-19.20.31:087][  0]LogInit:  - supports SSL with WinSSL
[2016.02.24-19.20.31:087][  0]LogInit:  - other features:
[2016.02.24-19.20.31:087][  0]LogInit:      CURL_VERSION_SSL
[2016.02.24-19.20.31:087][  0]LogInit:      CURL_VERSION_IPV6
[2016.02.24-19.20.31:087][  0]LogInit:      CURL_VERSION_ASYNCHDNS
[2016.02.24-19.20.31:087][  0]LogInit:      CURL_VERSION_LARGEFILE
[2016.02.24-19.20.31:087][  0]LogInit:      CURL_VERSION_IDN
[2016.02.24-19.20.31:087][  0]LogInit:  CurlRequestOptions (configurable via config and command line):
[2016.02.24-19.20.31:087][  0]LogInit:  - bVerifyPeer = true  - Libcurl will verify peer certificate
[2016.02.24-19.20.31:087][  0]LogInit:  - bUseHttpProxy = false  - Libcurl will NOT use HTTP proxy
[2016.02.24-19.20.31:087][  0]LogInit:  - bDontReuseConnections = false  - Libcurl will reuse connections
[2016.02.24-19.20.31:087][  0]LogInit:  - CertBundlePath = nullptr  - Libcurl will use whatever was configured at build time.
[2016.02.24-19.20.31:099][  0]LogOnline:Warning: No default platform service specified for OnlineSubsystem
[2016.02.24-19.20.31:113][  0]LogInit: Presizing for 0 objects not considered by GC, pre-allocating 0 bytes.
[2016.02.24-19.20.31:120][  0]LogInit: Object subsystem initialized
[2016.02.24-19.20.31:121][  0]LogConsoleResponse:Warning: Skipping Unknown console variable: 'TranslucentSortAxis = (X=0.000000,Y=-1.000000,Z=0.000000)'
[2016.02.24-19.20.31:121][  0]LogConsoleResponse:Warning:   Found in ini file 'C:/Users/quinonn/Desktop/MyProject/Saved/Config/Windows/Engine.ini', in section '[/Script/Engine.RendererSettings]'
[2016.02.24-19.20.31:121][  0]LogConsoleResponse:Warning: Skipping Unknown console variable: 'UIScaleRule = ShortestSide'
[2016.02.24-19.20.31:121][  0]LogConsoleResponse:Warning:   Found in ini file 'C:/Users/quinonn/Desktop/MyProject/Saved/Config/Windows/Engine.ini', in section '[/Script/Engine.RendererSettings]'
[2016.02.24-19.20.31:121][  0]LogConsoleResponse:Warning: Skipping Unknown console variable: 'UIScaleCurve = (EditorCurveData=(Keys=),ExternalCurve=None)'
[2016.02.24-19.20.31:121][  0]LogConsoleResponse:Warning:   Found in ini file 'C:/Users/quinonn/Desktop/MyProject/Saved/Config/Windows/Engine.ini', in section '[/Script/Engine.RendererSettings]'
[2016.02.24-19.20.31:122][  0]LogInit: Selected Device Profile: [Windows]
[2016.02.24-19.20.31:122][  0]LogInit: Applying CVar settings loaded from the selected device profile: [Windows]
[2016.02.24-19.20.31:152][  0]LogInit: Computer: DDW-G238-MAC09
[2016.02.24-19.20.31:152][  0]LogInit: User: quinonn
[2016.02.24-19.20.31:152][  0]LogInit: CPU Page size=4096, Cores=4
[2016.02.24-19.20.31:152][  0]LogInit: High frequency timer resolution =2.630771 MHz
[2016.02.24-19.20.31:152][  0]LogMemory: Memory total: Physical=4.0GB (4GB approx)
[2016.02.24-19.20.31:152][  0]LogMemory: Platform Memory Stats for Windows
[2016.02.24-19.20.31:152][  0]LogMemory: Process Physical Memory: 49.68 MB used, 49.68 MB peak
[2016.02.24-19.20.31:152][  0]LogMemory: Process Virtual Memory: 25.84 MB used, 25.84 MB peak
[2016.02.24-19.20.31:152][  0]LogMemory: Physical Memory: 2945.42 MB used, 4071.74 MB total
[2016.02.24-19.20.31:152][  0]LogMemory: Virtual Memory: 287.40 MB used, 8388608.00 MB total
[2016.02.24-19.20.31:189][  0]LogTextLocalizationManager: The requested culture ('en_US') has no localization data; parent culture's ('en') localization data will be used.
[2016.02.24-19.20.31:401][  0]LogTextLocalizationManager:Warning: Loaded localization resources contain conflicting entries for (Namespace:ContentBrowser, Key:ImportAssetToolTip):
Localization Resource: (C:/Program Files/Epic Games/4.8/Engine/Content/Localization/Editor/en/Editor.locres) Source String Hash: (-630476809) Localized String: (Import to {0}...)
Localization Resource: (C:/Program Files/Epic Games/4.8/Engine/Content/Localization/Editor/en/Editor.locres) Source String Hash: (1271782899) Localized String: (Imports an asset from file to this folder.)
[2016.02.24-19.20.32:028][  0]LogD3D11RHI: Found D3D11 adapter 0: AMD Radeon HD 6700M Series (Feature Level 11_0)
[2016.02.24-19.20.32:028][  0]LogD3D11RHI: Adapter has 501MB of dedicated video memory, 0MB of dedicated system memory, and 1779MB of shared system memory, 1 output[s]
[2016.02.24-19.20.32:028][  0]LogD3D11RHI: Chosen D3D11 Adapter Id = 0
[2016.02.24-19.20.32:039][  0]LogD3D11RHI: InitD3DDevice
[2016.02.24-19.20.32:039][  0]LogD3D11RHI: !Direct3DDevice
[2016.02.24-19.20.32:039][  0]LogRHI: Texture pool is 351 MB (70% of 501 MB)
[2016.02.24-19.20.32:065][  0]LogD3D11RHI: Async texture creation disabled: no driver support
[2016.02.24-19.20.32:083][  0]LogShaderCompilers:Display: Using Local Shader Compiler.
[2016.02.24-19.20.33:423][  0]LogTemp:Display: Loaded TP DesktopTargetPlatform
[2016.02.24-19.20.33:439][  0]LogTemp:Display: Loaded TP WindowsClientTargetPlatform
[2016.02.24-19.20.33:455][  0]LogTemp:Display: Loaded TP WindowsNoEditorTargetPlatform
[2016.02.24-19.20.33:472][  0]LogTemp:Display: Loaded TP WindowsServerTargetPlatform
[2016.02.24-19.20.33:490][  0]LogTemp:Display: Loaded TP WindowsTargetPlatform
[2016.02.24-19.20.33:505][  0]LogTemp:Display: Loaded TP AndroidTargetPlatform
[2016.02.24-19.20.33:519][  0]LogTemp:Display: Loaded TP Android_ASTCTargetPlatform
[2016.02.24-19.20.33:533][  0]LogTemp:Display: Loaded TP Android_ATCTargetPlatform
[2016.02.24-19.20.33:547][  0]LogTemp:Display: Loaded TP Android_DXTTargetPlatform
[2016.02.24-19.20.33:562][  0]LogTemp:Display: Loaded TP Android_ETC1TargetPlatform
[2016.02.24-19.20.33:576][  0]LogTemp:Display: Loaded TP Android_ETC2TargetPlatform
[2016.02.24-19.20.33:590][  0]LogTemp:Display: Loaded TP Android_PVRTCTargetPlatform
[2016.02.24-19.20.33:642][  0]LogTemp:Display: Loaded TP IOSTargetPlatform
[2016.02.24-19.20.33:656][  0]LogTemp:Display: Loaded TP LinuxNoEditorTargetPlatform
[2016.02.24-19.20.33:671][  0]LogTemp:Display: Loaded TP LinuxServerTargetPlatform
[2016.02.24-19.20.33:688][  0]LogTemp:Display: Loaded TP LinuxTargetPlatform
[2016.02.24-19.20.33:688][  0]LogTargetPlatformManager:Display: Building Assets For Windows
[2016.02.24-19.20.33:920][  0]LogDerivedDataCache:Display: Max Cache Size: 512 MB
[2016.02.24-19.20.33:978][  0]LogDerivedDataCache: Loaded boot cache 0.06s 53MB C:/Users/quinonn/AppData/Local/UnrealEngine/4.8/DerivedDataCache/Boot.ddc.
[2016.02.24-19.20.33:978][  0]LogDerivedDataCache:Display: Loaded Boot cache: C:/Users/quinonn/AppData/Local/UnrealEngine/4.8/DerivedDataCache/Boot.ddc
[2016.02.24-19.20.33:978][  0]LogDerivedDataCache: FDerivedDataBackendGraph:  Pak pak cache file ../../../../../../Users/quinonn/Desktop/MyProject/DerivedDataCache/DDC.ddp not found, will not use a pak cache.
[2016.02.24-19.20.33:978][  0]LogDerivedDataCache: Unable to find inner node Pak for hierarchical cache Hierarchy.
[2016.02.24-19.20.33:978][  0]LogDerivedDataCache: FDerivedDataBackendGraph:  CompressedPak pak cache file ../../../../../../Users/quinonn/Desktop/MyProject/DerivedDataCache/Compressed.ddp not found, will not use a pak cache.
[2016.02.24-19.20.33:978][  0]LogDerivedDataCache: Unable to find inner node CompressedPak for hierarchical cache Hierarchy.
[2016.02.24-19.20.34:153][  0]LogDerivedDataCache:Display: Pak cache opened for reading ../../../Engine/DerivedDataCache/Compressed.ddp.
[2016.02.24-19.20.34:165][  0]LogDerivedDataCache: Using Local data cache path C:/Users/quinonn/AppData/Local/UnrealEngine/Common/DerivedDataCache: Writable
[2016.02.24-19.20.34:897][  0]LogInit: Selected Device Profile: [Windows]
[2016.02.24-19.20.34:916][  0]ImportText (ComponentSweepMultiTests): Missing closing parenthesis: (RootShapeAsset="/Engine/BasicShapes/Cube.Cube",ShapeType="TriggerCapsule",HitResult=(Time=0.50,Location=(X=-100.000015,Y=0.0,Z=100.000015),ImpactPoint=(X=-50.0,Y=0.0,Z=50.0),Normal=(X=-1.0,Y=-0.0,Z=0.0),ImpactNormal=(X=0.0,Y=0.0,Z=1.0),TraceStart=(X=-200.0,Y=0.0,Z=200.0),TraceEnd=(X=0.0,Y=0.0,Z=0.0))
[2016.02.24-19.20.34:916][  0]ImportText (LineTraceSingleByChannelTests): Missing closing parenthesis: (RootShapeAsset="/Engine/BasicShapes/Cube.Cube",HitResult=(Time=0.50,Location=(X=-100.000015,Y=0.0,Z=100.000015),ImpactPoint=(X=-50.0,Y=0.0,Z=50.0),Normal=(X=-1.0,Y=-0.0,Z=0.0),ImpactNormal=(X=0.0,Y=0.0,Z=1.0),TraceStart=(X=-200.0,Y=0.0,Z=200.0),TraceEnd=(X=0.0,Y=0.0,Z=0.0))
[2016.02.24-19.20.34:946][  0]LogMeshUtilities: No automatic mesh reduction module available
[2016.02.24-19.20.34:946][  0]LogMeshUtilities: No automatic mesh merging module available
[2016.02.24-19.20.35:490][  0]LogInit: WinSock: version 1.1 (2.2), MaxSocks=32767, MaxUdp=65467
[2016.02.24-19.20.36:660][  0]UdpMessaging: Initializing bridge on interface 0.0.0.0:0 to multicast group 230.0.0.1:6666.
[2016.02.24-19.20.37:240][  0]SourceControl: Info Source control is disabled
[2016.02.24-19.20.37:240][  0]SourceControl: Info Source control is disabled
[2016.02.24-19.20.37:251][  0]SourceControl: Info Source control is disabled
[2016.02.24-19.20.37:262][  0]SourceControl: Info Source control is disabled
[2016.02.24-19.20.37:628][  0]LogObj: 26273 objects as part of root set at end of initial load.
[2016.02.24-19.20.37:628][  0]LogUObjectAllocator: 5409248 out of 0 bytes used by permanent object pool.
[2016.02.24-19.20.37:735][  0]LogEngine: Initializing Engine...
[2016.02.24-19.20.37:737][  0]LogHMD: Can't find Oculus library dev build: is proper Runtime installed? Version: 0.6.0.0
[2016.02.24-19.20.37:739][  0]LogHMD:Warning: SteamVR failed to initialize.  Error: 110
[2016.02.24-19.20.37:922][  0]LogAIModule: Creating AISystem for world NewWorld
[2016.02.24-19.20.37:931][  0]LogInit: XAudio2 using 'Headphones (Cirrus Logic CS4206B (AB 32))' : 2 channels at 48 kHz using 32 bits per sample (channel mask 0x3)
[2016.02.24-19.20.37:955][  0]LogInit: FAudioDevice initialized.
[2016.02.24-19.20.37:997][  0]LogDerivedDataCache: Saved boot cache 0.04s 53MB C:/Users/quinonn/AppData/Local/UnrealEngine/4.8/DerivedDataCache/Boot.ddc.
[2016.02.24-19.20.38:005][  0]LogInit: Texture streaming: Disabled
[2016.02.24-19.20.38:031][  0]LogAnalytics: Creating configured Analytics provider AnalyticsET
[2016.02.24-19.20.38:031][  0]LogAnalytics: [UEEditor.Rocket.Release] APIServer = http://et2.epicgames.com/ET2/. AppVersion = 4.8.3-2634408+++depot+UE4-Releases+4.8
[2016.02.24-19.20.38:031][  0]LogAnalytics: [UEEditor.Rocket.Release] SetUserId 6e9a6e404f03390ef28616a27d181cf3|3557c17ee8f74e5b944a80d4b2743391|3cf8b3fd-6dc1-4115-bd01-d54acd82ec6a
[2016.02.24-19.20.38:031][  0]LogAnalytics: [UEEditor.Rocket.Release] AnalyticsET::StartSession
[2016.02.24-19.20.38:075][  0]LogInit: Transaction tracking system initialized
[2016.02.24-19.20.38:224][  0]BlueprintLog: New page: Editor Load
[2016.02.24-19.20.38:262][  0]LogAssetRegistry: FAssetRegistry took 0.0105 seconds to start up
[2016.02.24-19.20.38:262][  0]LogDirectoryWatcher:Warning: Failed to begin reading directory changes for ../../../Engine/Plugins/Experimental/CharacterAI/Content/. Error: 0
[2016.02.24-19.20.39:194][  0]LogConsoleManager:Warning: Console variable 'r.VSync' wasn't set ('GameSetting' has a lower priority than 'SystemSettingsIni')
[2016.02.24-19.20.39:194][  0]LogConsoleResponse:Display: 
[2016.02.24-19.20.39:346][  0]LogCook:Display: Done creating registry. It took  0.00s.
[2016.02.24-19.20.39:586][  0]SourceControl: Info Source control is disabled
[2016.02.24-19.20.39:586][  0]Cmd: MAP LOAD FILE="../../../../../../Users/quinonn/Desktop/MyProject/Content/SideScrollerBP/Maps/SideScrollerExampleMap.umap" TEMPLATE=0 SHOWPROGRESS=1 FEATURELEVEL=3
[2016.02.24-19.20.39:605][  0]LightingResults: New page: Lighting Build
[2016.02.24-19.20.39:623][  0]MapCheck: New page: Map Check
[2016.02.24-19.20.39:623][  0]LightingResults: New page: Lighting Build
[2016.02.24-19.20.39:634][  0]LogParticles: Destroying 0 GPU particle simulations for FXSystem 0x000000001B7A8B80
[2016.02.24-19.20.48:834][  0]LogAIModule: Creating AISystem for world SideScrollerExampleMap
[2016.02.24-19.20.49:209][  0]LogEditorServer: Finished looking for orphan Actors (0.000 secs)
[2016.02.24-19.20.49:544][  0]Cmd: MAP CHECKDEP NOCLEARLOG
[2016.02.24-19.20.49:658][  0]MapCheck: Info Map check complete: 0 Error(s), 0 Warning(s), took 100.558ms to complete.
[2016.02.24-19.20.49:658][  0]LogFileHelpers: Loading map 'SideScrollerExampleMap' took 10.073
[2016.02.24-19.20.50:352][  0]LogCollectionManager: Loaded 0 collections in 0.003971 seconds
[2016.02.24-19.20.50:367][  0]LogContentBrowser: Native class hierarchy populated in 0.0142 seconds. Added 1792 classes and 301 folders.
[2016.02.24-19.20.50:712][  0]LogContentBrowser: Native class hierarchy updated for 'WidgetCarousel' in 0.0007 seconds. Added 0 classes and 0 folders.
[2016.02.24-19.20.51:412][  0]LogContentBrowser: Native class hierarchy updated for 'AddContentDialog' in 0.0007 seconds. Added 0 classes and 0 folders.
[2016.02.24-19.20.51:531][  0]LogContentBrowser: Native class hierarchy updated for 'SceneOutliner' in 0.0007 seconds. Added 1 classes and 2 folders.
[2016.02.24-19.20.52:067][  0]LogCrashTracker: Crashtracker disabled due to settings.
[2016.02.24-19.20.52:120][  0]LogD3D11RHI: InitD3DDevice
[2016.02.24-19.20.52:127][  0]LogUObjectGlobals:Warning: Failed to find object 'Class None.'
[2016.02.24-19.20.52:165][  0]LogLoad: Full Startup: 23.51 seconds (BP compile: 0.66 seconds)
[2016.02.24-19.20.53:356][  0]LogContentStreaming: Texture pool size is 0.000000MB
[2016.02.24-19.20.53:433][  0]LogContentStreaming: Texture pool size now 400 MB
[2016.02.24-19.20.53:888][  1]LogRenderer: Reallocating scene render targets to support 832x456 (Frame:2).
[2016.02.24-19.20.55:613][  8]LogAssetRegistry: Asset discovery search completed in 17.3627 seconds
[2016.02.24-19.20.56:593][ 34]Cmd: QUIT_EDITOR
[2016.02.24-19.20.56:892][ 34]LogExit: Preparing to exit.
[2016.02.24-19.20.57:804][ 34]LogExit: Editor shut down
[2016.02.24-19.20.57:805][ 34]LogExit: Transaction tracking system shut down
[2016.02.24-19.20.57:806][ 34]LogParticles: Destroying 0 GPU particle simulations for FXSystem 0x000000001E00EFC0
[2016.02.24-19.20.57:807][ 34]LogParticles: Destroying 0 GPU particle simulations for FXSystem 0x000000001851F880
[2016.02.24-19.20.57:807][ 34]LogParticles: Destroying 0 GPU particle simulations for FXSystem 0x000000000E83D1C0
[2016.02.24-19.20.57:952][ 34]LogExit: Object subsystem successfully closed.
[2016.02.24-19.20.57:968][ 34]LogD3D11RHI: Shutdown
[2016.02.24-19.20.57:968][ 34]LogD3D11RHI: CleanupD3DDevice
[2016.02.24-19.20.58:123][ 34]LogD3D11RHI: ~FD3D11DynamicRHI
[2016.02.24-19.20.58:142][ 34]LogModuleManager: Shutting down and abandoning module CrashTracker (188)
[2016.02.24-19.20.58:142][ 34]LogModuleManager: Shutting down and abandoning module SceneOutliner (187)
[2016.02.24-19.20.58:143][ 34]LogModuleManager: Shutting down and abandoning module SuperSearch (186)
[2016.02.24-19.20.58:143][ 34]LogModuleManager: Shutting down and abandoning module WidgetCarousel (185)
[2016.02.24-19.20.58:143][ 34]LogModuleManager: Shutting down and abandoning module AddContentDialog (184)
[2016.02.24-19.20.58:153][ 34]LogModuleManager: Shutting down and abandoning module EditorWidgets (183)
[2016.02.24-19.20.58:153][ 34]LogModuleManager: Shutting down and abandoning module CollectionManager (182)
[2016.02.24-19.20.58:162][ 34]LogModuleManager: Shutting down and abandoning module StatsViewer (181)
[2016.02.24-19.20.58:162][ 34]LogModuleManager: Shutting down and abandoning module FoliageEdit (180)
[2016.02.24-19.20.58:162][ 34]LogModuleManager: Shutting down and abandoning module LandscapeEditor (179)
[2016.02.24-19.20.58:163][ 34]LogModuleManager: Shutting down and abandoning module ActorPickerMode (178)
[2016.02.24-19.20.58:163][ 34]LogModuleManager: Shutting down and abandoning module GeometryMode (177)
[2016.02.24-19.20.58:163][ 34]LogModuleManager: Shutting down and abandoning module TextureAlignMode (176)
[2016.02.24-19.20.58:163][ 34]LogModuleManager: Shutting down and abandoning module BspMode (175)
[2016.02.24-19.20.58:163][ 34]LogModuleManager: Shutting down and abandoning module PlacementMode (174)
[2016.02.24-19.20.58:163][ 34]LogModuleManager: Shutting down and abandoning module AutomationWorker (173)
[2016.02.24-19.20.58:163][ 34]LogModuleManager: Shutting down and abandoning module CharacterAI (172)
[2016.02.24-19.20.58:163][ 34]LogModuleManager: Shutting down and abandoning module SmartSnapping (171)
[2016.02.24-19.20.58:163][ 34]LogModuleManager: Shutting down and abandoning module ViewportSnapping (170)
[2016.02.24-19.20.58:163][ 34]LogModuleManager: Shutting down and abandoning module LogVisualizer (169)
[2016.02.24-19.20.58:163][ 34]LogModuleManager: Shutting down and abandoning module GameProjectGeneration (168)
[2016.02.24-19.20.58:163][ 34]LogModuleManager: Shutting down and abandoning module IntroTutorials (167)
[2016.02.24-19.20.58:163][ 34]LogModuleManager: Shutting down and abandoning module EditorLiveStreaming (166)
[2016.02.24-19.20.58:163][ 34]LogModuleManager: Shutting down and abandoning module IOSPlatformEditor (165)
[2016.02.24-19.20.58:163][ 34]LogModuleManager: Shutting down and abandoning module HTML5PlatformEditor (164)
[2016.02.24-19.20.58:163][ 34]LogModuleManager: Shutting down and abandoning module AndroidDeviceDetection (163)
[2016.02.24-19.20.58:804][ 34]LogModuleManager: Shutting down and abandoning module AndroidPlatformEditor (162)
[2016.02.24-19.20.58:804][ 34]LogModuleManager: Shutting down and abandoning module IOSRuntimeSettings (161)
[2016.02.24-19.20.58:804][ 34]LogModuleManager: Shutting down and abandoning module AndroidRuntimeSettings (160)
[2016.02.24-19.20.58:804][ 34]LogModuleManager: Shutting down and abandoning module MergeActors (159)
[2016.02.24-19.20.58:804][ 34]LogModuleManager: Shutting down and abandoning module SizeMap (158)
[2016.02.24-19.20.58:804][ 34]LogModuleManager: Shutting down and abandoning module TreeMap (157)
[2016.02.24-19.20.58:804][ 34]LogModuleManager: Shutting down and abandoning module ReferenceViewer (156)
[2016.02.24-19.20.58:804][ 34]LogModuleManager: Shutting down and abandoning module LocalizationDashboard (155)
[2016.02.24-19.20.58:804][ 34]LogModuleManager: Shutting down and abandoning module HardwareTargeting (154)
[2016.02.24-19.20.58:804][ 34]LogModuleManager: Shutting down and abandoning module DeviceProfileEditor (153)
[2016.02.24-19.20.58:804][ 34]LogModuleManager: Shutting down and abandoning module UndoHistory (152)
[2016.02.24-19.20.58:804][ 34]LogModuleManager: Shutting down and abandoning module GameplayTagsEditor (151)
[2016.02.24-19.20.58:804][ 34]LogModuleManager: Shutting down and abandoning module UserFeedback (150)
[2016.02.24-19.20.58:804][ 34]LogModuleManager: Shutting down and abandoning module XmlParser (149)
[2016.02.24-19.20.58:804][ 34]LogModuleManager: Shutting down and abandoning module Blutility (148)
[2016.02.24-19.20.58:804][ 34]LogModuleManager: Shutting down and abandoning module ProjectTargetPlatformEditor (147)
[2016.02.24-19.20.58:804][ 34]LogModuleManager: Shutting down and abandoning module ProjectSettingsViewer (146)
[2016.02.24-19.20.58:805][ 34]LogModuleManager: Shutting down and abandoning module InputBindingEditor (145)
[2016.02.24-19.20.58:805][ 34]LogModuleManager: Shutting down and abandoning module EditorSettingsViewer (144)
[2016.02.24-19.20.58:805][ 34]LogModuleManager: Shutting down and abandoning module SettingsEditor (143)
[2016.02.24-19.20.58:805][ 34]LogModuleManager: Shutting down and abandoning module ProjectLauncher (142)
[2016.02.24-19.20.58:805][ 34]LogModuleManager: Shutting down and abandoning module SessionFrontend (141)
[2016.02.24-19.20.58:805][ 34]LogModuleManager: Shutting down and abandoning module ProfilerClient (140)
[2016.02.24-19.20.58:805][ 34]LogModuleManager: Shutting down and abandoning module TargetDeviceServices (139)
[2016.02.24-19.20.58:805][ 34]LogModuleManager: Shutting down and abandoning module DeviceManager (138)
[2016.02.24-19.20.58:805][ 34]LogModuleManager: Shutting down and abandoning module AutomationController (137)
[2016.02.24-19.20.58:805][ 34]LogModuleManager: Shutting down and abandoning module AutomationWindow (136)
[2016.02.24-19.20.58:805][ 34]LogModuleManager: Shutting down and abandoning module Layers (135)
[2016.02.24-19.20.58:805][ 34]LogModuleManager: Shutting down and abandoning module ComponentVisualizers (134)
[2016.02.24-19.20.58:805][ 34]LogModuleManager: Shutting down and abandoning module DetailCustomizations (133)
[2016.02.24-19.20.58:806][ 34]LogModuleManager: Shutting down and abandoning module PackagesDialog (132)
[2016.02.24-19.20.58:806][ 34]LogModuleManager: Shutting down and abandoning module AssetRegistry (131)
[2016.02.24-19.20.58:943][ 34]LogModuleManager: Shutting down and abandoning module Persona (130)
[2016.02.24-19.20.58:943][ 34]LogModuleManager: Shutting down and abandoning module Kismet (129)
[2016.02.24-19.20.58:943][ 34]LogModuleManager: Shutting down and abandoning module GraphEditor (128)
[2016.02.24-19.20.58:943][ 34]LogModuleManager: Shutting down and abandoning module ClassViewer (127)
[2016.02.24-19.20.58:943][ 34]LogModuleManager: Shutting down and abandoning module Toolbox (126)
[2016.02.24-19.20.58:943][ 34]LogModuleManager: Shutting down and abandoning module ModuleUI (125)
[2016.02.24-19.20.58:944][ 34]LogModuleManager: Shutting down and abandoning module MovieSceneTools (124)
[2016.02.24-19.20.58:944][ 34]LogModuleManager: Shutting down and abandoning module OutputLog (123)
[2016.02.24-19.20.58:944][ 34]LogModuleManager: Shutting down and abandoning module GammaUI (122)
[2016.02.24-19.20.58:944][ 34]LogModuleManager: Shutting down and abandoning module Documentation (121)
[2016.02.24-19.20.58:944][ 34]LogModuleManager: Shutting down and abandoning module GameLiveStreaming (120)
[2016.02.24-19.20.58:944][ 34]LogModuleManager: Shutting down and abandoning module StreamingPauseRendering (119)
[2016.02.24-19.20.58:944][ 34]LogModuleManager: Shutting down and abandoning module AnalyticsET (118)
[2016.02.24-19.20.58:944][ 34]LogModuleManager: Shutting down and abandoning module Analytics (117)
[2016.02.24-19.20.58:944][ 34]LogModuleManager: Shutting down and abandoning module AITestSuite (116)
[2016.02.24-19.20.58:944][ 34]LogModuleManager: Shutting down and abandoning module GameplayDebugger (115)
[2016.02.24-19.20.58:944][ 34]LogModuleManager: Shutting down and abandoning module AIModule (114)
[2016.02.24-19.20.58:944][ 34]LogModuleManager: Shutting down and abandoning module ProfilerService (113)
[2016.02.24-19.20.59:158][ 34]LogModuleManager: Shutting down and abandoning module TaskGraph (112)
[2016.02.24-19.20.59:158][ 34]LogModuleManager: Shutting down and abandoning module SlateRemote (111)
[2016.02.24-19.20.59:158][ 34]LogModuleManager: Shutting down and abandoning module SteamVRController (110)
[2016.02.24-19.20.59:158][ 34]LogModuleManager: Shutting down and abandoning module SteamVR (109)
[2016.02.24-19.20.59:158][ 34]LogModuleManager: Shutting down and abandoning module ProceduralMeshComponent (108)
[2016.02.24-19.20.59:158][ 34]LogModuleManager: Shutting down and abandoning module OculusRift (107)
[2016.02.24-19.20.59:158][ 34]LogModuleManager: Shutting down and abandoning module LeapMotionController (106)
[2016.02.24-19.20.59:171][ 34]LogModuleManager: Shutting down and abandoning module CustomMeshComponent (105)
[2016.02.24-19.20.59:171][ 34]LogModuleManager: Shutting down and abandoning module CableComponent (104)
[2016.02.24-19.20.59:171][ 34]LogModuleManager: Shutting down and abandoning module MessagingDebugger (103)
[2016.02.24-19.20.59:171][ 34]LogModuleManager: Shutting down and abandoning module MediaPlayerEditor (102)
[2016.02.24-19.20.59:171][ 34]LogModuleManager: Shutting down and abandoning module SpeedTreeImporter (101)
[2016.02.24-19.20.59:171][ 34]LogModuleManager: Shutting down and abandoning module PluginBrowser (100)
[2016.02.24-19.20.59:171][ 34]LogModuleManager: Shutting down and abandoning module EpicSurvey (99)
[2016.02.24-19.20.59:172][ 34]LogModuleManager: Shutting down and abandoning module DesktopPlatform (98)
[2016.02.24-19.20.59:172][ 34]LogModuleManager: Shutting down and abandoning module VisualStudioSourceCodeAccess (97)
[2016.02.24-19.20.59:172][ 34]LogModuleManager: Shutting down and abandoning module UObjectPlugin (96)
[2016.02.24-19.20.59:172][ 34]LogModuleManager: Shutting down and abandoning module SubversionSourceControl (95)
[2016.02.24-19.20.59:172][ 34]LogModuleManager: Shutting down and abandoning module PerforceSourceControl (94)
[2016.02.24-19.20.59:172][ 34]LogModuleManager: Shutting down and abandoning module SourceControl (93)
[2016.02.24-19.20.59:172][ 34]LogModuleManager: Shutting down and abandoning module GitSourceControl (92)
[2016.02.24-19.20.59:172][ 34]LogModuleManager: Shutting down and abandoning module BlankPlugin (91)
[2016.02.24-19.20.59:172][ 34]LogModuleManager: Shutting down and abandoning module PaperTiledImporter (90)
[2016.02.24-19.20.59:172][ 34]LogModuleManager: Shutting down and abandoning module PaperSpriteSheetImporter (89)
[2016.02.24-19.20.59:172][ 34]LogModuleManager: Shutting down and abandoning module MeshPaint (88)
[2016.02.24-19.20.59:172][ 34]LogModuleManager: Shutting down and abandoning module SlateReflector (87)
[2016.02.24-19.20.59:172][ 34]LogModuleManager: Shutting down and abandoning module DirectoryWatcher (86)
[2016.02.24-19.20.59:172][ 34]LogModuleManager: Shutting down and abandoning module HotReload (85)
[2016.02.24-19.20.59:172][ 34]LogModuleManager: Shutting down and abandoning module MainFrame (84)
[2016.02.24-19.20.59:172][ 34]LogModuleManager: Shutting down and abandoning module LevelEditor (83)
[2016.02.24-19.20.59:174][ 34]LogModuleManager: Shutting down and abandoning module ContentBrowser (82)
[2016.02.24-19.20.59:175][ 34]LogModuleManager: Shutting down and abandoning module Paper2DEditor (81)
[2016.02.24-19.20.59:175][ 34]LogModuleManager: Shutting down and abandoning module UdpMessaging (80)
[2016.02.24-19.20.59:275][ 34]LogModuleManager: Shutting down and abandoning module Paper2D (79)
[2016.02.24-19.20.59:275][ 34]LogModuleManager: Shutting down and abandoning module WindowsMoviePlayer (78)
[2016.02.24-19.20.59:280][ 34]LogModuleManager: Shutting down and abandoning module Media (77)
[2016.02.24-19.20.59:280][ 34]LogModuleManager: Shutting down and abandoning module WmfMedia (76)
[2016.02.24-19.20.59:280][ 34]LogModuleManager: Shutting down and abandoning module OnlineBlueprintSupport (75)
[2016.02.24-19.20.59:280][ 34]LogModuleManager: Shutting down and abandoning module PropertyEditor (74)
[2016.02.24-19.20.59:280][ 34]LogModuleManager: Shutting down and abandoning module BehaviorTreeEditor (73)
[2016.02.24-19.20.59:280][ 34]LogModuleManager: Shutting down and abandoning module FunctionalTesting (72)
[2016.02.24-19.20.59:280][ 34]LogModuleManager: Shutting down and abandoning module CollisionAnalyzer (71)
[2016.02.24-19.20.59:280][ 34]LogModuleManager: Shutting down and abandoning module WorkspaceMenuStructure (70)
[2016.02.24-19.20.59:280][ 34]LogModuleManager: Shutting down and abandoning module MessageLog (69)
[2016.02.24-19.20.59:280][ 34]LogModuleManager: Shutting down and abandoning module Sequencer (68)
[2016.02.24-19.20.59:280][ 34]LogModuleManager: Shutting down and abandoning module AssetTools (67)
[2016.02.24-19.20.59:280][ 34]LogModuleManager: Shutting down and abandoning module UMGEditor (66)
[2016.02.24-19.20.59:280][ 34]LogModuleManager: Shutting down and abandoning module UMG (65)
[2016.02.24-19.20.59:281][ 34]LogModuleManager: Shutting down and abandoning module Slate (64)
[2016.02.24-19.20.59:281][ 34]LogModuleManager: Shutting down and abandoning module EditorStyle (63)
[2016.02.24-19.20.59:286][ 34]LogModuleManager: Shutting down and abandoning module SessionServices (62)
[2016.02.24-19.20.59:286][ 34]LogModuleManager: Shutting down and abandoning module SourceCodeAccess (61)
[2016.02.24-19.20.59:286][ 34]LogModuleManager: Shutting down and abandoning module HeadMountedDisplay (60)
[2016.02.24-19.20.59:286][ 34]LogModuleManager: Shutting down and abandoning module XAudio2 (59)
[2016.02.24-19.20.59:286][ 34]LogModuleManager: Shutting down and abandoning module Networking (57)
[2016.02.24-19.20.59:286][ 34]LogModuleManager: Shutting down and abandoning module Core (56)
[2016.02.24-19.20.59:286][ 34]LogModuleManager: Shutting down and abandoning module KismetCompiler (55)
[2016.02.24-19.20.59:286][ 34]LogModuleManager: Shutting down and abandoning module PhysXFormats (54)
[2016.02.24-19.20.59:286][ 34]LogModuleManager: Shutting down and abandoning module MeshUtilities (53)
[2016.02.24-19.20.59:286][ 34]LogModuleManager: Shutting down and abandoning module DerivedDataCache (52)
[2016.02.24-19.20.59:700][ 34]LogDerivedDataCache: Shutdown
[2016.02.24-19.20.59:700][ 34]LogModuleManager: Shutting down and abandoning module ShaderFormatOpenGL (51)
[2016.02.24-19.20.59:700][ 34]LogModuleManager: Shutting down and abandoning module ShaderFormatD3D (50)
[2016.02.24-19.20.59:700][ 34]LogModuleManager: Shutting down and abandoning module MetalShaderFormat (49)
[2016.02.24-19.20.59:700][ 34]LogModuleManager: Shutting down and abandoning module TextureFormatUncompressed (48)
[2016.02.24-19.20.59:700][ 34]LogModuleManager: Shutting down and abandoning module TextureFormatPVR (47)
[2016.02.24-19.20.59:700][ 34]LogModuleManager: Shutting down and abandoning module TextureFormatIntelISPCTexComp (46)
[2016.02.24-19.20.59:700][ 34]LogModuleManager: Shutting down and abandoning module TextureFormatDXT (45)
[2016.02.24-19.20.59:700][ 34]LogModuleManager: Shutting down and abandoning module ImageWrapper (44)
[2016.02.24-19.20.59:700][ 34]LogModuleManager: Shutting down and abandoning module TextureFormatASTC (43)
[2016.02.24-19.20.59:700][ 34]LogModuleManager: Shutting down and abandoning module TextureFormatAndroid (42)
[2016.02.24-19.20.59:700][ 34]LogModuleManager: Shutting down and abandoning module AudioFormatOpus (41)
[2016.02.24-19.20.59:700][ 34]LogModuleManager: Shutting down and abandoning module AudioFormatOgg (40)
[2016.02.24-19.20.59:700][ 34]LogModuleManager: Shutting down and abandoning module AudioFormatADPCM (39)
[2016.02.24-19.20.59:700][ 34]LogModuleManager: Shutting down and abandoning module LinuxTargetPlatform (38)
[2016.02.24-19.20.59:700][ 34]LogModuleManager: Shutting down and abandoning module LinuxServerTargetPlatform (37)
[2016.02.24-19.20.59:700][ 34]LogModuleManager: Shutting down and abandoning module LinuxNoEditorTargetPlatform (36)
[2016.02.24-19.20.59:700][ 34]LogModuleManager: Shutting down and abandoning module Messaging (35)
[2016.02.24-19.20.59:700][ 34]LogModuleManager: Shutting down and abandoning module IOSTargetPlatform (34)
[2016.02.24-19.20.59:700][ 34]LogModuleManager: Shutting down and abandoning module HTML5TargetPlatform (33)
[2016.02.24-19.20.59:700][ 34]LogModuleManager: Shutting down and abandoning module Android_PVRTCTargetPlatform (32)
[2016.02.24-19.20.59:700][ 34]LogModuleManager: Shutting down and abandoning module Android_ETC2TargetPlatform (31)
[2016.02.24-19.20.59:700][ 34]LogModuleManager: Shutting down and abandoning module Android_ETC1TargetPlatform (30)
[2016.02.24-19.20.59:700][ 34]LogModuleManager: Shutting down and abandoning module Android_DXTTargetPlatform (29)
[2016.02.24-19.20.59:700][ 34]LogModuleManager: Shutting down and abandoning module Android_ATCTargetPlatform (28)
[2016.02.24-19.20.59:700][ 34]LogModuleManager: Shutting down and abandoning module Android_ASTCTargetPlatform (27)
[2016.02.24-19.20.59:700][ 34]LogModuleManager: Shutting down and abandoning module AndroidTargetPlatform (26)
[2016.02.24-19.20.59:701][ 34]LogModuleManager: Shutting down and abandoning module WindowsTargetPlatform (25)
[2016.02.24-19.20.59:701][ 34]LogModuleManager: Shutting down and abandoning module WindowsServerTargetPlatform (24)
[2016.02.24-19.20.59:701][ 34]LogModuleManager: Shutting down and abandoning module WindowsNoEditorTargetPlatform (23)
[2016.02.24-19.20.59:701][ 34]LogModuleManager: Shutting down and abandoning module WindowsClientTargetPlatform (22)
[2016.02.24-19.20.59:701][ 34]LogModuleManager: Shutting down and abandoning module DesktopTargetPlatform (21)
[2016.02.24-19.20.59:701][ 34]LogModuleManager: Shutting down and abandoning module TargetPlatform (20)
[2016.02.24-19.20.59:701][ 34]LogModuleManager: Shutting down and abandoning module InputCore (19)
[2016.02.24-19.20.59:701][ 34]LogModuleManager: Shutting down and abandoning module Settings (18)
[2016.02.24-19.20.59:701][ 34]LogModuleManager: Shutting down and abandoning module OnlineSubsystem (16)
[2016.02.24-19.20.59:701][ 34]LogModuleManager: Shutting down and abandoning module HTTP (15)
[2016.02.24-19.20.59:701][ 34]LogModuleManager: Shutting down and abandoning module ExampleDeviceProfileSelector (14)
[2016.02.24-19.20.59:701][ 34]LogModuleManager: Shutting down and abandoning module TextureCompressor (13)
[2016.02.24-19.20.59:701][ 34]LogModuleManager: Shutting down and abandoning module ShaderCore (12)
[2016.02.24-19.20.59:701][ 34]LogModuleManager: Shutting down and abandoning module Landscape (11)
[2016.02.24-19.20.59:701][ 34]LogModuleManager: Shutting down and abandoning module SlateRHIRenderer (10)
[2016.02.24-19.20.59:703][ 34]LogModuleManager: Shutting down and abandoning module OpenGLDrv (9)
[2016.02.24-19.20.59:703][ 34]LogModuleManager: Shutting down and abandoning module D3D11RHI (8)
[2016.02.24-19.20.59:703][ 34]LogModuleManager: Shutting down and abandoning module Renderer (7)
[2016.02.24-19.20.59:703][ 34]LogModuleManager: Shutting down and abandoning module Engine (6)
[2016.02.24-19.20.59:703][ 34]LogModuleManager: Shutting down and abandoning module CoreUObject (5)
[2016.02.24-19.20.59:703][ 34]LogModuleManager: Shutting down and abandoning module NetworkFile (4)
[2016.02.24-19.20.59:703][ 34]LogModuleManager: Shutting down and abandoning module StreamingFile (3)
[2016.02.24-19.20.59:703][ 34]LogModuleManager: Shutting down and abandoning module SandboxFile (2)
[2016.02.24-19.20.59:703][ 34]LogModuleManager: Shutting down and abandoning module PakFile (1)
[2016.02.24-19.20.59:704][ 34]LogExit: Exiting.
[2016.02.24-19.20.59:706][ 34]Log file closed, 02/24/16 14:20:59
